{"/home/travis/build/npmtest/node-npmtest-mquery/test.js":{"path":"/home/travis/build/npmtest/node-npmtest-mquery/test.js","s":{"1":2,"2":2,"3":2,"4":2,"5":2,"6":2,"7":2,"8":1,"9":2,"10":2,"11":1,"12":1,"13":1,"14":1,"15":2,"16":2,"17":2,"18":2,"19":1,"20":1,"21":2,"22":2,"23":2,"24":1,"25":1,"26":1,"27":1,"28":1,"29":1,"30":1,"31":1,"32":1,"33":1,"34":1,"35":1,"36":1,"37":1,"38":1,"39":2,"40":2,"41":1,"42":2,"43":2,"44":1,"45":2,"46":2,"47":1,"48":2,"49":2,"50":1,"51":1,"52":1,"53":1,"54":1},"b":{"1":[2,1,1,1],"2":[1,1,1,1],"3":[1,1],"4":[1,1],"5":[1,1],"6":[1,1],"7":[1,1],"8":[1,1],"9":[1,1],"10":[1,1,1],"11":[1,1],"12":[1,1],"13":[1,1],"14":[1,1],"15":[1,1],"16":[1,1],"17":[1,1]},"f":{"1":2,"2":2,"3":2,"4":2,"5":2,"6":1,"7":1,"8":1,"9":2,"10":2,"11":2,"12":2,"13":1},"fnMap":{"1":{"name":"(anonymous_1)","line":12,"loc":{"start":{"line":12,"column":1},"end":{"line":12,"column":13}}},"2":{"name":"(anonymous_2)","line":19,"loc":{"start":{"line":19,"column":5},"end":{"line":19,"column":17}}},"3":{"name":"(anonymous_3)","line":23,"loc":{"start":{"line":23,"column":24},"end":{"line":23,"column":36}}},"4":{"name":"(anonymous_4)","line":61,"loc":{"start":{"line":61,"column":5},"end":{"line":61,"column":17}}},"5":{"name":"(anonymous_5)","line":82,"loc":{"start":{"line":82,"column":5},"end":{"line":82,"column":17}}},"6":{"name":"(anonymous_6)","line":91,"loc":{"start":{"line":91,"column":77},"end":{"line":94,"column":10}}},"7":{"name":"(anonymous_7)","line":112,"loc":{"start":{"line":112,"column":83},"end":{"line":115,"column":10}},"skip":true},"8":{"name":"(anonymous_8)","line":123,"loc":{"start":{"line":123,"column":77},"end":{"line":126,"column":10}},"skip":true},"9":{"name":"(anonymous_9)","line":139,"loc":{"start":{"line":139,"column":12},"end":{"line":139,"column":40}},"skip":true},"10":{"name":"(anonymous_10)","line":147,"loc":{"start":{"line":147,"column":77},"end":{"line":150,"column":10}},"skip":true},"11":{"name":"(anonymous_11)","line":158,"loc":{"start":{"line":158,"column":83},"end":{"line":161,"column":10}},"skip":true},"12":{"name":"(anonymous_12)","line":169,"loc":{"start":{"line":169,"column":79},"end":{"line":172,"column":10}},"skip":true},"13":{"name":"(anonymous_13)","line":180,"loc":{"start":{"line":180,"column":75},"end":{"line":183,"column":10}},"skip":true}},"statementMap":{"1":{"start":{"line":12,"column":0},"end":{"line":195,"column":5}},"2":{"start":{"line":14,"column":4},"end":{"line":14,"column":14}},"3":{"start":{"line":19,"column":4},"end":{"line":56,"column":9}},"4":{"start":{"line":21,"column":8},"end":{"line":21,"column":19}},"5":{"start":{"line":23,"column":8},"end":{"line":35,"column":13}},"6":{"start":{"line":24,"column":12},"end":{"line":34,"column":13}},"7":{"start":{"line":25,"column":16},"end":{"line":28,"column":30}},"8":{"start":{"line":30,"column":16},"end":{"line":33,"column":27}},"9":{"start":{"line":37,"column":8},"end":{"line":39,"column":21}},"10":{"start":{"line":40,"column":8},"end":{"line":53,"column":9}},"11":{"start":{"line":43,"column":12},"end":{"line":46,"column":14}},"12":{"start":{"line":47,"column":12},"end":{"line":47,"column":18}},"13":{"start":{"line":50,"column":12},"end":{"line":51,"column":33}},"14":{"start":{"line":52,"column":12},"end":{"line":52,"column":18}},"15":{"start":{"line":55,"column":8},"end":{"line":55,"column":35}},"16":{"start":{"line":61,"column":4},"end":{"line":63,"column":9}},"17":{"start":{"line":62,"column":8},"end":{"line":62,"column":15}},"18":{"start":{"line":64,"column":4},"end":{"line":77,"column":5}},"19":{"start":{"line":70,"column":8},"end":{"line":70,"column":14}},"20":{"start":{"line":76,"column":8},"end":{"line":76,"column":14}},"21":{"start":{"line":82,"column":4},"end":{"line":84,"column":9}},"22":{"start":{"line":83,"column":8},"end":{"line":83,"column":15}},"23":{"start":{"line":85,"column":4},"end":{"line":194,"column":5}},"24":{"start":{"line":91,"column":8},"end":{"line":99,"column":10}},"25":{"start":{"line":98,"column":12},"end":{"line":98,"column":35}},"26":{"start":{"line":102,"column":8},"end":{"line":104,"column":63}},"27":{"start":{"line":105,"column":8},"end":{"line":105,"column":14}},"28":{"start":{"line":112,"column":8},"end":{"line":121,"column":10},"skip":true},"29":{"start":{"line":119,"column":12},"end":{"line":119,"column":55},"skip":true},"30":{"start":{"line":120,"column":12},"end":{"line":120,"column":48},"skip":true},"31":{"start":{"line":123,"column":8},"end":{"line":136,"column":10},"skip":true},"32":{"start":{"line":130,"column":12},"end":{"line":130,"column":76},"skip":true},"33":{"start":{"line":131,"column":12},"end":{"line":131,"column":73},"skip":true},"34":{"start":{"line":132,"column":12},"end":{"line":132,"column":74},"skip":true},"35":{"start":{"line":133,"column":12},"end":{"line":133,"column":79},"skip":true},"36":{"start":{"line":134,"column":12},"end":{"line":134,"column":25},"skip":true},"37":{"start":{"line":135,"column":12},"end":{"line":135,"column":45},"skip":true},"38":{"start":{"line":138,"column":8},"end":{"line":145,"column":14},"skip":true},"39":{"start":{"line":143,"column":16},"end":{"line":143,"column":29},"skip":true},"40":{"start":{"line":144,"column":16},"end":{"line":144,"column":55},"skip":true},"41":{"start":{"line":147,"column":8},"end":{"line":156,"column":10},"skip":true},"42":{"start":{"line":154,"column":12},"end":{"line":154,"column":25},"skip":true},"43":{"start":{"line":155,"column":12},"end":{"line":155,"column":45},"skip":true},"44":{"start":{"line":158,"column":8},"end":{"line":167,"column":10},"skip":true},"45":{"start":{"line":165,"column":12},"end":{"line":165,"column":25},"skip":true},"46":{"start":{"line":166,"column":12},"end":{"line":166,"column":48},"skip":true},"47":{"start":{"line":169,"column":8},"end":{"line":178,"column":10},"skip":true},"48":{"start":{"line":176,"column":12},"end":{"line":176,"column":25},"skip":true},"49":{"start":{"line":177,"column":12},"end":{"line":177,"column":46},"skip":true},"50":{"start":{"line":180,"column":8},"end":{"line":189,"column":10},"skip":true},"51":{"start":{"line":187,"column":12},"end":{"line":187,"column":94},"skip":true},"52":{"start":{"line":188,"column":12},"end":{"line":188,"column":48},"skip":true},"53":{"start":{"line":192,"column":8},"end":{"line":192,"column":35},"skip":true},"54":{"start":{"line":193,"column":8},"end":{"line":193,"column":14},"skip":true}},"branchMap":{"1":{"line":25,"type":"binary-expr","locations":[{"start":{"line":25,"column":23},"end":{"line":25,"column":62}},{"start":{"line":26,"column":20},"end":{"line":26,"column":70}},{"start":{"line":27,"column":20},"end":{"line":27,"column":71}},{"start":{"line":28,"column":20},"end":{"line":28,"column":29}}]},"2":{"line":30,"type":"binary-expr","locations":[{"start":{"line":30,"column":23},"end":{"line":30,"column":37}},{"start":{"line":31,"column":20},"end":{"line":31,"column":61}},{"start":{"line":32,"column":20},"end":{"line":32,"column":70}},{"start":{"line":33,"column":20},"end":{"line":33,"column":26}}]},"3":{"line":37,"type":"cond-expr","locations":[{"start":{"line":38,"column":14},"end":{"line":38,"column":20}},{"start":{"line":39,"column":14},"end":{"line":39,"column":20}}]},"4":{"line":40,"type":"switch","locations":[{"start":{"line":42,"column":8},"end":{"line":47,"column":18}},{"start":{"line":49,"column":8},"end":{"line":52,"column":18}}]},"5":{"line":44,"type":"binary-expr","locations":[{"start":{"line":44,"column":16},"end":{"line":44,"column":44}},{"start":{"line":44,"column":48},"end":{"line":44,"column":66}}]},"6":{"line":50,"type":"binary-expr","locations":[{"start":{"line":50,"column":21},"end":{"line":50,"column":49}},{"start":{"line":50,"column":53},"end":{"line":50,"column":72}}]},"7":{"line":64,"type":"switch","locations":[{"start":{"line":69,"column":4},"end":{"line":70,"column":14}},{"start":{"line":75,"column":4},"end":{"line":76,"column":14}}]},"8":{"line":85,"type":"switch","locations":[{"start":{"line":90,"column":4},"end":{"line":105,"column":14}},{"start":{"line":111,"column":4},"end":{"line":193,"column":14},"skip":true}]},"9":{"line":91,"type":"binary-expr","locations":[{"start":{"line":91,"column":42},"end":{"line":91,"column":73}},{"start":{"line":91,"column":77},"end":{"line":99,"column":9}}]},"10":{"line":102,"type":"binary-expr","locations":[{"start":{"line":102,"column":18},"end":{"line":102,"column":32}},{"start":{"line":103,"column":12},"end":{"line":103,"column":53}},{"start":{"line":104,"column":12},"end":{"line":104,"column":61}}]},"11":{"line":112,"type":"binary-expr","locations":[{"start":{"line":112,"column":45},"end":{"line":112,"column":79},"skip":true},{"start":{"line":112,"column":83},"end":{"line":121,"column":9},"skip":true}]},"12":{"line":123,"type":"binary-expr","locations":[{"start":{"line":123,"column":42},"end":{"line":123,"column":73},"skip":true},{"start":{"line":123,"column":77},"end":{"line":136,"column":9},"skip":true}]},"13":{"line":138,"type":"binary-expr","locations":[{"start":{"line":138,"column":48},"end":{"line":138,"column":85},"skip":true},{"start":{"line":139,"column":12},"end":{"line":145,"column":13},"skip":true}]},"14":{"line":147,"type":"binary-expr","locations":[{"start":{"line":147,"column":42},"end":{"line":147,"column":73},"skip":true},{"start":{"line":147,"column":77},"end":{"line":156,"column":9},"skip":true}]},"15":{"line":158,"type":"binary-expr","locations":[{"start":{"line":158,"column":45},"end":{"line":158,"column":79},"skip":true},{"start":{"line":158,"column":83},"end":{"line":167,"column":9},"skip":true}]},"16":{"line":169,"type":"binary-expr","locations":[{"start":{"line":169,"column":43},"end":{"line":169,"column":75},"skip":true},{"start":{"line":169,"column":79},"end":{"line":178,"column":9},"skip":true}]},"17":{"line":180,"type":"binary-expr","locations":[{"start":{"line":180,"column":41},"end":{"line":180,"column":71},"skip":true},{"start":{"line":180,"column":75},"end":{"line":189,"column":9},"skip":true}]}},"code":["/* istanbul instrument in package npmtest_mquery */","/*jslint","    bitwise: true,","    browser: true,","    maxerr: 8,","    maxlen: 96,","    node: true,","    nomen: true,","    regexp: true,","    stupid: true","*/","(function () {","    'use strict';","    var local;","","","","    // run shared js-env code - pre-init","    (function () {","        // init local","        local = {};","        // init modeJs","        local.modeJs = (function () {","            try {","                return typeof navigator.userAgent === 'string' &&","                    typeof document.querySelector('body') === 'object' &&","                    typeof XMLHttpRequest.prototype.open === 'function' &&","                    'browser';","            } catch (errorCaughtBrowser) {","                return module.exports &&","                    typeof process.versions.node === 'string' &&","                    typeof require('http').createServer === 'function' &&","                    'node';","            }","        }());","        // init global","        local.global = local.modeJs === 'browser'","            ? window","            : global;","        switch (local.modeJs) {","        // re-init local from window.local","        case 'browser':","            local = local.global.utility2.objectSetDefault(","                local.global.utility2_rollup || local.global.local,","                local.global.utility2","            );","            break;","        // re-init local from example.js","        case 'node':","            local = (local.global.utility2_rollup || require('utility2'))","                .requireReadme();","            break;","        }","        // export local","        local.global.local = local;","    }());","","","","    // run shared js-env code - function","    (function () {","        return;","    }());","    switch (local.modeJs) {","","","","    // run browser js-env code - function","    case 'browser':","        break;","","","","    // run node js-env code - function","    case 'node':","        break;","    }","","","","    // run shared js-env code - post-init","    (function () {","        return;","    }());","    switch (local.modeJs) {","","","","    // run browser js-env code - post-init","    case 'browser':","        local.testCase_browser_nullCase = local.testCase_browser_nullCase || function (","            options,","            onError","        ) {","        /*","         * this function will test browsers's null-case handling-behavior-behavior","         */","            onError(null, options);","        };","","        // run tests","        local.nop(local.modeTest &&","            document.querySelector('#testRunButton1') &&","            document.querySelector('#testRunButton1').click());","        break;","","","","    // run node js-env code - post-init","    /* istanbul ignore next */","    case 'node':","        local.testCase_buildApidoc_default = local.testCase_buildApidoc_default || function (","            options,","            onError","        ) {","        /*","         * this function will test buildApidoc's default handling-behavior-behavior","         */","            options = { modulePathList: module.paths };","            local.buildApidoc(options, onError);","        };","","        local.testCase_buildApp_default = local.testCase_buildApp_default || function (","            options,","            onError","        ) {","        /*","         * this function will test buildApp's default handling-behavior-behavior","         */","            local.testCase_buildReadme_default(options, local.onErrorThrow);","            local.testCase_buildLib_default(options, local.onErrorThrow);","            local.testCase_buildTest_default(options, local.onErrorThrow);","            local.testCase_buildCustomOrg_default(options, local.onErrorThrow);","            options = [];","            local.buildApp(options, onError);","        };","","        local.testCase_buildCustomOrg_default = local.testCase_buildCustomOrg_default ||","            function (options, onError) {","            /*","             * this function will test buildCustomOrg's default handling-behavior","             */","                options = {};","                local.buildCustomOrg(options, onError);","            };","","        local.testCase_buildLib_default = local.testCase_buildLib_default || function (","            options,","            onError","        ) {","        /*","         * this function will test buildLib's default handling-behavior","         */","            options = {};","            local.buildLib(options, onError);","        };","","        local.testCase_buildReadme_default = local.testCase_buildReadme_default || function (","            options,","            onError","        ) {","        /*","         * this function will test buildReadme's default handling-behavior-behavior","         */","            options = {};","            local.buildReadme(options, onError);","        };","","        local.testCase_buildTest_default = local.testCase_buildTest_default || function (","            options,","            onError","        ) {","        /*","         * this function will test buildTest's default handling-behavior","         */","            options = {};","            local.buildTest(options, onError);","        };","","        local.testCase_webpage_default = local.testCase_webpage_default || function (","            options,","            onError","        ) {","        /*","         * this function will test webpage's default handling-behavior","         */","            options = { modeCoverageMerge: true, url: local.serverLocalHost + '?modeTest=1' };","            local.browserTest(options, onError);","        };","","        // run test-server","        local.testRunServer(local);","        break;","    }","}());",""],"l":{"12":2,"14":2,"19":2,"21":2,"23":2,"24":2,"25":2,"30":1,"37":2,"40":2,"43":1,"47":1,"50":1,"52":1,"55":2,"61":2,"62":2,"64":2,"70":1,"76":1,"82":2,"83":2,"85":2,"91":1,"98":1,"102":1,"105":1,"112":1,"119":1,"120":1,"123":1,"130":1,"131":1,"132":1,"133":1,"134":1,"135":1,"138":1,"143":2,"144":2,"147":1,"154":2,"155":2,"158":1,"165":2,"166":2,"169":1,"176":2,"177":2,"180":1,"187":1,"188":1,"192":1,"193":1}},"/home/travis/build/npmtest/node-npmtest-mquery/lib.npmtest_mquery.js":{"path":"/home/travis/build/npmtest/node-npmtest-mquery/lib.npmtest_mquery.js","s":{"1":2,"2":2,"3":2,"4":2,"5":2,"6":2,"7":2,"8":1,"9":2,"10":2,"11":2,"12":2,"13":1,"14":1,"15":1,"16":1},"b":{"1":[2,1,1,1],"2":[1,1,1,1],"3":[1,1],"4":[2,2],"5":[1,1]},"f":{"1":2,"2":2,"3":2},"fnMap":{"1":{"name":"(anonymous_1)","line":12,"loc":{"start":{"line":12,"column":1},"end":{"line":12,"column":13}}},"2":{"name":"(anonymous_2)","line":19,"loc":{"start":{"line":19,"column":5},"end":{"line":19,"column":17}}},"3":{"name":"(anonymous_3)","line":23,"loc":{"start":{"line":23,"column":24},"end":{"line":23,"column":36}}}},"statementMap":{"1":{"start":{"line":12,"column":0},"end":{"line":53,"column":5}},"2":{"start":{"line":14,"column":4},"end":{"line":14,"column":14}},"3":{"start":{"line":19,"column":4},"end":{"line":52,"column":9}},"4":{"start":{"line":21,"column":8},"end":{"line":21,"column":19}},"5":{"start":{"line":23,"column":8},"end":{"line":35,"column":13}},"6":{"start":{"line":24,"column":12},"end":{"line":34,"column":13}},"7":{"start":{"line":25,"column":16},"end":{"line":28,"column":30}},"8":{"start":{"line":30,"column":16},"end":{"line":33,"column":27}},"9":{"start":{"line":37,"column":8},"end":{"line":39,"column":21}},"10":{"start":{"line":41,"column":8},"end":{"line":41,"column":54}},"11":{"start":{"line":43,"column":8},"end":{"line":43,"column":51}},"12":{"start":{"line":45,"column":8},"end":{"line":51,"column":9}},"13":{"start":{"line":46,"column":12},"end":{"line":46,"column":57}},"14":{"start":{"line":48,"column":12},"end":{"line":48,"column":35}},"15":{"start":{"line":49,"column":12},"end":{"line":49,"column":49}},"16":{"start":{"line":50,"column":12},"end":{"line":50,"column":43}}},"branchMap":{"1":{"line":25,"type":"binary-expr","locations":[{"start":{"line":25,"column":23},"end":{"line":25,"column":62}},{"start":{"line":26,"column":20},"end":{"line":26,"column":70}},{"start":{"line":27,"column":20},"end":{"line":27,"column":71}},{"start":{"line":28,"column":20},"end":{"line":28,"column":29}}]},"2":{"line":30,"type":"binary-expr","locations":[{"start":{"line":30,"column":23},"end":{"line":30,"column":37}},{"start":{"line":31,"column":20},"end":{"line":31,"column":61}},{"start":{"line":32,"column":20},"end":{"line":32,"column":70}},{"start":{"line":33,"column":20},"end":{"line":33,"column":26}}]},"3":{"line":37,"type":"cond-expr","locations":[{"start":{"line":38,"column":14},"end":{"line":38,"column":20}},{"start":{"line":39,"column":14},"end":{"line":39,"column":20}}]},"4":{"line":41,"type":"binary-expr","locations":[{"start":{"line":41,"column":16},"end":{"line":41,"column":44}},{"start":{"line":41,"column":48},"end":{"line":41,"column":53}}]},"5":{"line":45,"type":"if","locations":[{"start":{"line":45,"column":8},"end":{"line":45,"column":8}},{"start":{"line":45,"column":8},"end":{"line":45,"column":8}}]}},"code":["/* istanbul instrument in package npmtest_mquery */","/*jslint","    bitwise: true,","    browser: true,","    maxerr: 8,","    maxlen: 96,","    node: true,","    nomen: true,","    regexp: true,","    stupid: true","*/","(function () {","    'use strict';","    var local;","","","","    // run shared js-env code - pre-init","    (function () {","        // init local","        local = {};","        // init modeJs","        local.modeJs = (function () {","            try {","                return typeof navigator.userAgent === 'string' &&","                    typeof document.querySelector('body') === 'object' &&","                    typeof XMLHttpRequest.prototype.open === 'function' &&","                    'browser';","            } catch (errorCaughtBrowser) {","                return module.exports &&","                    typeof process.versions.node === 'string' &&","                    typeof require('http').createServer === 'function' &&","                    'node';","            }","        }());","        // init global","        local.global = local.modeJs === 'browser'","            ? window","            : global;","        // init utility2_rollup","        local = local.global.utility2_rollup || local;","        // init lib","        local.local = local.npmtest_mquery = local;","        // init exports","        if (local.modeJs === 'browser') {","            local.global.utility2_npmtest_mquery = local;","        } else {","            module.exports = local;","            module.exports.__dirname = __dirname;","            module.exports.module = module;","        }","    }());","}());",""],"l":{"12":2,"14":2,"19":2,"21":2,"23":2,"24":2,"25":2,"30":1,"37":2,"41":2,"43":2,"45":2,"46":1,"48":1,"49":1,"50":1}},"/home/travis/build/npmtest/node-npmtest-mquery/example.js":{"path":"/home/travis/build/npmtest/node-npmtest-mquery/example.js","s":{"1":2,"2":2,"3":2,"4":2,"5":2,"6":2,"7":2,"8":1,"9":2,"10":2,"11":2,"12":2,"13":1,"14":2,"15":2,"16":2,"17":2,"18":2,"19":0,"20":2,"21":1,"22":1,"23":1,"24":1,"25":1,"26":0,"27":0,"28":1,"29":1,"30":2,"31":0,"32":0,"33":0,"34":1,"35":2,"36":2,"37":3,"38":3,"39":3,"40":3,"41":0,"42":3,"43":3,"44":3,"45":1,"46":3,"47":1,"48":1,"49":1,"50":1,"51":1,"52":1,"53":1,"54":1,"55":1,"56":1,"57":0,"58":1,"59":6,"60":6,"61":1,"62":2,"63":0,"64":2,"65":1,"66":1,"67":0,"68":0,"69":0,"70":0,"71":0,"72":0,"73":0,"74":0,"75":0,"76":0,"77":0,"78":0,"79":0,"80":0,"81":0,"82":0,"83":0},"b":{"1":[2,1,1,1],"2":[1,1,1,1],"3":[1,1],"4":[2,2],"5":[1,1],"6":[1,1],"7":[2,0],"8":[2,1,1,1,1,1],"9":[0,2,0],"10":[1,1],"11":[2,1,1],"12":[1,0],"13":[0,2],"14":[2,0,0,0,0,0,0],"15":[0,3],"16":[3,0],"17":[1,1],"18":[0,1],"19":[1,2,0,2],"20":[1,0],"21":[1,1],"22":[0,0],"23":[0,0],"24":[0,0],"25":[0,0],"26":[0,0],"27":[0,0],"28":[0,0]},"f":{"1":2,"2":2,"3":2,"4":2,"5":2,"6":2,"7":3,"8":3,"9":3,"10":1,"11":6,"12":0},"fnMap":{"1":{"name":"(anonymous_1)","line":26,"loc":{"start":{"line":26,"column":1},"end":{"line":26,"column":13}}},"2":{"name":"(anonymous_2)","line":33,"loc":{"start":{"line":33,"column":5},"end":{"line":33,"column":17}}},"3":{"name":"(anonymous_3)","line":37,"loc":{"start":{"line":37,"column":24},"end":{"line":37,"column":36}}},"4":{"name":"(anonymous_4)","line":69,"loc":{"start":{"line":69,"column":31},"end":{"line":69,"column":48}},"skip":true},"5":{"name":"(anonymous_5)","line":78,"loc":{"start":{"line":78,"column":26},"end":{"line":78,"column":45}},"skip":true},"6":{"name":"(anonymous_6)","line":123,"loc":{"start":{"line":123,"column":33},"end":{"line":123,"column":48}},"skip":true},"7":{"name":"(anonymous_7)","line":125,"loc":{"start":{"line":125,"column":27},"end":{"line":125,"column":39}},"skip":true},"8":{"name":"(anonymous_8)","line":133,"loc":{"start":{"line":133,"column":59},"end":{"line":133,"column":74}},"skip":true},"9":{"name":"(anonymous_9)","line":143,"loc":{"start":{"line":143,"column":45},"end":{"line":143,"column":62}},"skip":true},"10":{"name":"(anonymous_10)","line":144,"loc":{"start":{"line":144,"column":73},"end":{"line":144,"column":92}},"skip":true},"11":{"name":"(anonymous_11)","line":272,"loc":{"start":{"line":272,"column":51},"end":{"line":272,"column":77}},"skip":true},"12":{"name":"(anonymous_12)","line":315,"loc":{"start":{"line":315,"column":32},"end":{"line":315,"column":61}},"skip":true}},"statementMap":{"1":{"start":{"line":26,"column":0},"end":{"line":326,"column":5}},"2":{"start":{"line":28,"column":4},"end":{"line":28,"column":14}},"3":{"start":{"line":33,"column":4},"end":{"line":60,"column":9}},"4":{"start":{"line":35,"column":8},"end":{"line":35,"column":19}},"5":{"start":{"line":37,"column":8},"end":{"line":49,"column":13}},"6":{"start":{"line":38,"column":12},"end":{"line":48,"column":13}},"7":{"start":{"line":39,"column":16},"end":{"line":42,"column":30}},"8":{"start":{"line":44,"column":16},"end":{"line":47,"column":27}},"9":{"start":{"line":51,"column":8},"end":{"line":53,"column":21}},"10":{"start":{"line":55,"column":8},"end":{"line":57,"column":45}},"11":{"start":{"line":59,"column":8},"end":{"line":59,"column":35}},"12":{"start":{"line":61,"column":4},"end":{"line":325,"column":5}},"13":{"start":{"line":69,"column":8},"end":{"line":121,"column":10},"skip":true},"14":{"start":{"line":70,"column":12},"end":{"line":88,"column":13},"skip":true},"15":{"start":{"line":76,"column":16},"end":{"line":87,"column":19},"skip":true},"16":{"start":{"line":79,"column":20},"end":{"line":86,"column":21},"skip":true},"17":{"start":{"line":82,"column":24},"end":{"line":82,"column":43},"skip":true},"18":{"start":{"line":83,"column":24},"end":{"line":83,"column":30},"skip":true},"19":{"start":{"line":85,"column":24},"end":{"line":85,"column":49},"skip":true},"20":{"start":{"line":89,"column":12},"end":{"line":107,"column":13},"skip":true},"21":{"start":{"line":92,"column":16},"end":{"line":102,"column":17},"skip":true},"22":{"start":{"line":93,"column":20},"end":{"line":93,"column":86},"skip":true},"23":{"start":{"line":94,"column":20},"end":{"line":95,"column":45},"skip":true},"24":{"start":{"line":96,"column":20},"end":{"line":96,"column":42},"skip":true},"25":{"start":{"line":97,"column":20},"end":{"line":97,"column":48},"skip":true},"26":{"start":{"line":100,"column":20},"end":{"line":100,"column":85},"skip":true},"27":{"start":{"line":101,"column":20},"end":{"line":101,"column":96},"skip":true},"28":{"start":{"line":103,"column":16},"end":{"line":103,"column":22},"skip":true},"29":{"start":{"line":106,"column":16},"end":{"line":106,"column":22},"skip":true},"30":{"start":{"line":108,"column":12},"end":{"line":120,"column":13},"skip":true},"31":{"start":{"line":114,"column":16},"end":{"line":119,"column":17},"skip":true},"32":{"start":{"line":116,"column":20},"end":{"line":116,"column":78},"skip":true},"33":{"start":{"line":118,"column":20},"end":{"line":118,"column":47},"skip":true},"34":{"start":{"line":123,"column":8},"end":{"line":141,"column":11},"skip":true},"35":{"start":{"line":124,"column":12},"end":{"line":124,"column":54},"skip":true},"36":{"start":{"line":125,"column":12},"end":{"line":140,"column":14},"skip":true},"37":{"start":{"line":126,"column":16},"end":{"line":126,"column":28},"skip":true},"38":{"start":{"line":127,"column":16},"end":{"line":127,"column":69},"skip":true},"39":{"start":{"line":128,"column":16},"end":{"line":128,"column":75},"skip":true},"40":{"start":{"line":129,"column":16},"end":{"line":131,"column":17},"skip":true},"41":{"start":{"line":130,"column":20},"end":{"line":130,"column":27},"skip":true},"42":{"start":{"line":133,"column":16},"end":{"line":137,"column":36},"skip":true},"43":{"start":{"line":134,"column":20},"end":{"line":136,"column":55},"skip":true},"44":{"start":{"line":139,"column":16},"end":{"line":139,"column":57},"skip":true},"45":{"start":{"line":143,"column":8},"end":{"line":147,"column":11},"skip":true},"46":{"start":{"line":144,"column":12},"end":{"line":146,"column":15},"skip":true},"47":{"start":{"line":145,"column":16},"end":{"line":145,"column":70},"skip":true},"48":{"start":{"line":149,"column":8},"end":{"line":149,"column":31},"skip":true},"49":{"start":{"line":150,"column":8},"end":{"line":150,"column":14},"skip":true},"50":{"start":{"line":158,"column":8},"end":{"line":158,"column":31},"skip":true},"51":{"start":{"line":160,"column":8},"end":{"line":160,"column":33},"skip":true},"52":{"start":{"line":161,"column":8},"end":{"line":161,"column":37},"skip":true},"53":{"start":{"line":162,"column":8},"end":{"line":162,"column":35},"skip":true},"54":{"start":{"line":164,"column":8},"end":{"line":164,"column":50},"skip":true},"55":{"start":{"line":166,"column":8},"end":{"line":256,"column":2},"skip":true},"56":{"start":{"line":258,"column":8},"end":{"line":286,"column":9},"skip":true},"57":{"start":{"line":259,"column":12},"end":{"line":269,"column":14},"skip":true},"58":{"start":{"line":271,"column":12},"end":{"line":285,"column":19},"skip":true},"59":{"start":{"line":274,"column":20},"end":{"line":274,"column":35},"skip":true},"60":{"start":{"line":275,"column":20},"end":{"line":284,"column":21},"skip":true},"61":{"start":{"line":277,"column":24},"end":{"line":277,"column":64},"skip":true},"62":{"start":{"line":279,"column":24},"end":{"line":279,"column":40},"skip":true},"63":{"start":{"line":281,"column":24},"end":{"line":281,"column":40},"skip":true},"64":{"start":{"line":283,"column":24},"end":{"line":283,"column":39},"skip":true},"65":{"start":{"line":288,"column":8},"end":{"line":290,"column":9},"skip":true},"66":{"start":{"line":289,"column":12},"end":{"line":289,"column":18},"skip":true},"67":{"start":{"line":291,"column":8},"end":{"line":293,"column":54},"skip":true},"68":{"start":{"line":296,"column":8},"end":{"line":301,"column":37},"skip":true},"69":{"start":{"line":303,"column":8},"end":{"line":303,"column":82},"skip":true},"70":{"start":{"line":306,"column":8},"end":{"line":308,"column":9},"skip":true},"71":{"start":{"line":307,"column":12},"end":{"line":307,"column":82},"skip":true},"72":{"start":{"line":310,"column":8},"end":{"line":312,"column":9},"skip":true},"73":{"start":{"line":311,"column":12},"end":{"line":311,"column":18},"skip":true},"74":{"start":{"line":313,"column":8},"end":{"line":313,"column":54},"skip":true},"75":{"start":{"line":314,"column":8},"end":{"line":314,"column":69},"skip":true},"76":{"start":{"line":315,"column":8},"end":{"line":323,"column":36},"skip":true},"77":{"start":{"line":316,"column":12},"end":{"line":316,"column":61},"skip":true},"78":{"start":{"line":317,"column":12},"end":{"line":320,"column":13},"skip":true},"79":{"start":{"line":318,"column":16},"end":{"line":318,"column":75},"skip":true},"80":{"start":{"line":319,"column":16},"end":{"line":319,"column":23},"skip":true},"81":{"start":{"line":321,"column":12},"end":{"line":321,"column":38},"skip":true},"82":{"start":{"line":322,"column":12},"end":{"line":322,"column":27},"skip":true},"83":{"start":{"line":324,"column":8},"end":{"line":324,"column":14},"skip":true}},"branchMap":{"1":{"line":39,"type":"binary-expr","locations":[{"start":{"line":39,"column":23},"end":{"line":39,"column":62}},{"start":{"line":40,"column":20},"end":{"line":40,"column":70}},{"start":{"line":41,"column":20},"end":{"line":41,"column":71}},{"start":{"line":42,"column":20},"end":{"line":42,"column":29}}]},"2":{"line":44,"type":"binary-expr","locations":[{"start":{"line":44,"column":23},"end":{"line":44,"column":37}},{"start":{"line":45,"column":20},"end":{"line":45,"column":61}},{"start":{"line":46,"column":20},"end":{"line":46,"column":70}},{"start":{"line":47,"column":20},"end":{"line":47,"column":26}}]},"3":{"line":51,"type":"cond-expr","locations":[{"start":{"line":52,"column":14},"end":{"line":52,"column":20}},{"start":{"line":53,"column":14},"end":{"line":53,"column":20}}]},"4":{"line":55,"type":"binary-expr","locations":[{"start":{"line":55,"column":16},"end":{"line":55,"column":44}},{"start":{"line":55,"column":49},"end":{"line":57,"column":43}}]},"5":{"line":55,"type":"cond-expr","locations":[{"start":{"line":56,"column":14},"end":{"line":56,"column":50}},{"start":{"line":57,"column":14},"end":{"line":57,"column":43}}]},"6":{"line":61,"type":"switch","locations":[{"start":{"line":68,"column":4},"end":{"line":150,"column":14},"skip":true},{"start":{"line":156,"column":4},"end":{"line":324,"column":14},"skip":true}]},"7":{"line":70,"type":"if","locations":[{"start":{"line":70,"column":12},"end":{"line":70,"column":12},"skip":true},{"start":{"line":70,"column":12},"end":{"line":70,"column":12},"skip":true}]},"8":{"line":70,"type":"binary-expr","locations":[{"start":{"line":70,"column":16},"end":{"line":70,"column":22},"skip":true},{"start":{"line":70,"column":27},"end":{"line":70,"column":32},"skip":true},{"start":{"line":71,"column":20},"end":{"line":71,"column":39},"skip":true},{"start":{"line":72,"column":20},"end":{"line":72,"column":49},"skip":true},{"start":{"line":73,"column":20},"end":{"line":73,"column":58},"skip":true},{"start":{"line":74,"column":20},"end":{"line":74,"column":69},"skip":true}]},"9":{"line":79,"type":"switch","locations":[{"start":{"line":80,"column":20},"end":{"line":80,"column":33},"skip":true},{"start":{"line":81,"column":20},"end":{"line":83,"column":30},"skip":true},{"start":{"line":84,"column":20},"end":{"line":85,"column":49},"skip":true}]},"10":{"line":89,"type":"switch","locations":[{"start":{"line":90,"column":12},"end":{"line":103,"column":22},"skip":true},{"start":{"line":105,"column":12},"end":{"line":106,"column":22},"skip":true}]},"11":{"line":89,"type":"binary-expr","locations":[{"start":{"line":89,"column":20},"end":{"line":89,"column":25},"skip":true},{"start":{"line":89,"column":29},"end":{"line":89,"column":48},"skip":true},{"start":{"line":89,"column":52},"end":{"line":89,"column":74},"skip":true}]},"12":{"line":92,"type":"if","locations":[{"start":{"line":92,"column":16},"end":{"line":92,"column":16},"skip":true},{"start":{"line":92,"column":16},"end":{"line":92,"column":16},"skip":true}]},"13":{"line":108,"type":"if","locations":[{"start":{"line":108,"column":12},"end":{"line":108,"column":12},"skip":true},{"start":{"line":108,"column":12},"end":{"line":108,"column":12},"skip":true}]},"14":{"line":108,"type":"binary-expr","locations":[{"start":{"line":108,"column":16},"end":{"line":108,"column":61},"skip":true},{"start":{"line":108,"column":66},"end":{"line":108,"column":72},"skip":true},{"start":{"line":108,"column":77},"end":{"line":108,"column":82},"skip":true},{"start":{"line":109,"column":20},"end":{"line":109,"column":39},"skip":true},{"start":{"line":110,"column":20},"end":{"line":110,"column":49},"skip":true},{"start":{"line":111,"column":20},"end":{"line":111,"column":58},"skip":true},{"start":{"line":112,"column":20},"end":{"line":112,"column":68},"skip":true}]},"15":{"line":129,"type":"if","locations":[{"start":{"line":129,"column":16},"end":{"line":129,"column":16},"skip":true},{"start":{"line":129,"column":16},"end":{"line":129,"column":16},"skip":true}]},"16":{"line":134,"type":"cond-expr","locations":[{"start":{"line":135,"column":26},"end":{"line":135,"column":29},"skip":true},{"start":{"line":136,"column":26},"end":{"line":136,"column":54},"skip":true}]},"17":{"line":164,"type":"binary-expr","locations":[{"start":{"line":164,"column":27},"end":{"line":164,"column":43},"skip":true},{"start":{"line":164,"column":47},"end":{"line":164,"column":49},"skip":true}]},"18":{"line":258,"type":"if","locations":[{"start":{"line":258,"column":8},"end":{"line":258,"column":8},"skip":true},{"start":{"line":258,"column":8},"end":{"line":258,"column":8},"skip":true}]},"19":{"line":275,"type":"switch","locations":[{"start":{"line":276,"column":20},"end":{"line":277,"column":64},"skip":true},{"start":{"line":278,"column":20},"end":{"line":279,"column":40},"skip":true},{"start":{"line":280,"column":20},"end":{"line":281,"column":40},"skip":true},{"start":{"line":282,"column":20},"end":{"line":283,"column":39},"skip":true}]},"20":{"line":288,"type":"if","locations":[{"start":{"line":288,"column":8},"end":{"line":288,"column":8},"skip":true},{"start":{"line":288,"column":8},"end":{"line":288,"column":8},"skip":true}]},"21":{"line":288,"type":"binary-expr","locations":[{"start":{"line":288,"column":12},"end":{"line":288,"column":40},"skip":true},{"start":{"line":288,"column":44},"end":{"line":288,"column":67},"skip":true}]},"22":{"line":292,"type":"binary-expr","locations":[{"start":{"line":292,"column":12},"end":{"line":292,"column":50},"skip":true},{"start":{"line":293,"column":12},"end":{"line":293,"column":53},"skip":true}]},"23":{"line":297,"type":"binary-expr","locations":[{"start":{"line":297,"column":12},"end":{"line":297,"column":64},"skip":true},{"start":{"line":298,"column":12},"end":{"line":301,"column":36},"skip":true}]},"24":{"line":303,"type":"binary-expr","locations":[{"start":{"line":303,"column":43},"end":{"line":303,"column":75},"skip":true},{"start":{"line":303,"column":79},"end":{"line":303,"column":81},"skip":true}]},"25":{"line":306,"type":"if","locations":[{"start":{"line":306,"column":8},"end":{"line":306,"column":8},"skip":true},{"start":{"line":306,"column":8},"end":{"line":306,"column":8},"skip":true}]},"26":{"line":310,"type":"if","locations":[{"start":{"line":310,"column":8},"end":{"line":310,"column":8},"skip":true},{"start":{"line":310,"column":8},"end":{"line":310,"column":8},"skip":true}]},"27":{"line":313,"type":"binary-expr","locations":[{"start":{"line":313,"column":27},"end":{"line":313,"column":43},"skip":true},{"start":{"line":313,"column":47},"end":{"line":313,"column":53},"skip":true}]},"28":{"line":317,"type":"if","locations":[{"start":{"line":317,"column":12},"end":{"line":317,"column":12},"skip":true},{"start":{"line":317,"column":12},"end":{"line":317,"column":12},"skip":true}]}},"code":["/*","example.js","","quickstart example","","instruction","    1. save this script as example.js","    2. run the shell command:","        $ npm install npmtest-mquery && PORT=8081 node example.js","    3. play with the browser-demo on http://127.0.0.1:8081","*/","","","","/* istanbul instrument in package npmtest_mquery */","/*jslint","    bitwise: true,","    browser: true,","    maxerr: 8,","    maxlen: 96,","    node: true,","    nomen: true,","    regexp: true,","    stupid: true","*/","(function () {","    'use strict';","    var local;","","","","    // run shared js-env code - pre-init","    (function () {","        // init local","        local = {};","        // init modeJs","        local.modeJs = (function () {","            try {","                return typeof navigator.userAgent === 'string' &&","                    typeof document.querySelector('body') === 'object' &&","                    typeof XMLHttpRequest.prototype.open === 'function' &&","                    'browser';","            } catch (errorCaughtBrowser) {","                return module.exports &&","                    typeof process.versions.node === 'string' &&","                    typeof require('http').createServer === 'function' &&","                    'node';","            }","        }());","        // init global","        local.global = local.modeJs === 'browser'","            ? window","            : global;","        // init utility2_rollup","        local = local.global.utility2_rollup || (local.modeJs === 'browser'","            ? local.global.utility2_npmtest_mquery","            : global.utility2_moduleExports);","        // export local","        local.global.local = local;","    }());","    switch (local.modeJs) {","","","","    // post-init","    // run browser js-env code - post-init","    /* istanbul ignore next */","    case 'browser':","        local.testRunBrowser = function (event) {","            if (!event || (event &&","                    event.currentTarget &&","                    event.currentTarget.className &&","                    event.currentTarget.className.includes &&","                    event.currentTarget.className.includes('onreset'))) {","                // reset output","                Array.from(","                    document.querySelectorAll('body > .resettable')","                ).forEach(function (element) {","                    switch (element.tagName) {","                    case 'INPUT':","                    case 'TEXTAREA':","                        element.value = '';","                        break;","                    default:","                        element.textContent = '';","                    }","                });","            }","            switch (event && event.currentTarget && event.currentTarget.id) {","            case 'testRunButton1':","                // show tests","                if (document.querySelector('#testReportDiv1').style.display === 'none') {","                    document.querySelector('#testReportDiv1').style.display = 'block';","                    document.querySelector('#testRunButton1').textContent =","                        'hide internal test';","                    local.modeTest = true;","                    local.testRunDefault(local);","                // hide tests","                } else {","                    document.querySelector('#testReportDiv1').style.display = 'none';","                    document.querySelector('#testRunButton1').textContent = 'run internal test';","                }","                break;","            // custom-case","            default:","                break;","            }","            if (document.querySelector('#inputTextareaEval1') && (!event || (event &&","                    event.currentTarget &&","                    event.currentTarget.className &&","                    event.currentTarget.className.includes &&","                    event.currentTarget.className.includes('oneval')))) {","                // try to eval input-code","                try {","                    /*jslint evil: true*/","                    eval(document.querySelector('#inputTextareaEval1').value);","                } catch (errorCaught) {","                    console.error(errorCaught);","                }","            }","        };","        // log stderr and stdout to #outputTextareaStdout1","        ['error', 'log'].forEach(function (key) {","            console[key + '_original'] = console[key];","            console[key] = function () {","                var element;","                console[key + '_original'].apply(console, arguments);","                element = document.querySelector('#outputTextareaStdout1');","                if (!element) {","                    return;","                }","                // append text to #outputTextareaStdout1","                element.value += Array.from(arguments).map(function (arg) {","                    return typeof arg === 'string'","                        ? arg","                        : JSON.stringify(arg, null, 4);","                }).join(' ') + '\\n';","                // scroll textarea to bottom","                element.scrollTop = element.scrollHeight;","            };","        });","        // init event-handling","        ['change', 'click', 'keyup'].forEach(function (event) {","            Array.from(document.querySelectorAll('.on' + event)).forEach(function (element) {","                element.addEventListener(event, local.testRunBrowser);","            });","        });","        // run tests","        local.testRunBrowser();","        break;","","","","    // run node js-env code - post-init","    /* istanbul ignore next */","    case 'node':","        // export local","        module.exports = local;","        // require modules","        local.fs = require('fs');","        local.http = require('http');","        local.url = require('url');","        // init assets","        local.assetsDict = local.assetsDict || {};","        /* jslint-ignore-begin */","        local.assetsDict['/assets.index.template.html'] = '\\","<!doctype html>\\n\\","<html lang=\"en\">\\n\\","<head>\\n\\","<meta charset=\"UTF-8\">\\n\\","<meta name=\"viewport\" content=\"width=device-width, initial-scale=1\">\\n\\","<title>{{env.npm_package_name}} (v{{env.npm_package_version}})</title>\\n\\","<style>\\n\\","/*csslint\\n\\","    box-sizing: false,\\n\\","    universal-selector: false\\n\\","*/\\n\\","* {\\n\\","    box-sizing: border-box;\\n\\","}\\n\\","body {\\n\\","    background: #dde;\\n\\","    font-family: Arial, Helvetica, sans-serif;\\n\\","    margin: 2rem;\\n\\","}\\n\\","body > * {\\n\\","    margin-bottom: 1rem;\\n\\","}\\n\\",".utility2FooterDiv {\\n\\","    margin-top: 20px;\\n\\","    text-align: center;\\n\\","}\\n\\","</style>\\n\\","<style>\\n\\","/*csslint\\n\\","*/\\n\\","textarea {\\n\\","    font-family: monospace;\\n\\","    height: 10rem;\\n\\","    width: 100%;\\n\\","}\\n\\","textarea[readonly] {\\n\\","    background: #ddd;\\n\\","}\\n\\","</style>\\n\\","</head>\\n\\","<body>\\n\\","<!-- utility2-comment\\n\\","<div id=\"ajaxProgressDiv1\" style=\"background: #d00; height: 2px; left: 0; margin: 0; padding: 0; position: fixed; top: 0; transition: background 0.5s, width 1.5s; width: 25%;\"></div>\\n\\","utility2-comment -->\\n\\","<h1>\\n\\","<!-- utility2-comment\\n\\","    <a\\n\\","        {{#if env.npm_package_homepage}}\\n\\","        href=\"{{env.npm_package_homepage}}\"\\n\\","        {{/if env.npm_package_homepage}}\\n\\","        target=\"_blank\"\\n\\","    >\\n\\","utility2-comment -->\\n\\","        {{env.npm_package_name}} (v{{env.npm_package_version}})\\n\\","<!-- utility2-comment\\n\\","    </a>\\n\\","utility2-comment -->\\n\\","</h1>\\n\\","<h3>{{env.npm_package_description}}</h3>\\n\\","<!-- utility2-comment\\n\\","<h4><a download href=\"assets.app.js\">download standalone app</a></h4>\\n\\","<button class=\"onclick onreset\" id=\"testRunButton1\">run internal test</button><br>\\n\\","<div id=\"testReportDiv1\" style=\"display: none;\"></div>\\n\\","utility2-comment -->\\n\\","\\n\\","\\n\\","\\n\\","<label>stderr and stdout</label>\\n\\","<textarea class=\"resettable\" id=\"outputTextareaStdout1\" readonly></textarea>\\n\\","<!-- utility2-comment\\n\\","{{#if isRollup}}\\n\\","<script src=\"assets.app.js\"></script>\\n\\","{{#unless isRollup}}\\n\\","utility2-comment -->\\n\\","<script src=\"assets.utility2.rollup.js\"></script>\\n\\","<script src=\"jsonp.utility2._stateInit?callback=window.utility2._stateInit\"></script>\\n\\","<script src=\"assets.npmtest_mquery.rollup.js\"></script>\\n\\","<script src=\"assets.example.js\"></script>\\n\\","<script src=\"assets.test.js\"></script>\\n\\","<!-- utility2-comment\\n\\","{{/if isRollup}}\\n\\","utility2-comment -->\\n\\","<div class=\"utility2FooterDiv\">\\n\\","    [ this app was created with\\n\\","    <a href=\"https://github.com/kaizhu256/node-utility2\" target=\"_blank\">utility2</a>\\n\\","    ]\\n\\","</div>\\n\\","</body>\\n\\","</html>\\n\\","';","        /* jslint-ignore-end */","        if (local.templateRender) {","            local.assetsDict['/'] = local.templateRender(","                local.assetsDict['/assets.index.template.html'],","                {","                    env: local.objectSetDefault(local.env, {","                        npm_package_description: 'the greatest app in the world!',","                        npm_package_name: 'my-app',","                        npm_package_nameAlias: 'my_app',","                        npm_package_version: '0.0.1'","                    })","                }","            );","        } else {","            local.assetsDict['/'] = local.assetsDict['/assets.index.template.html']","                .replace((/\\{\\{env\\.(\\w+?)\\}\\}/g), function (match0, match1) {","                    // jslint-hack","                    String(match0);","                    switch (match1) {","                    case 'npm_package_description':","                        return 'the greatest app in the world!';","                    case 'npm_package_name':","                        return 'my-app';","                    case 'npm_package_nameAlias':","                        return 'my_app';","                    case 'npm_package_version':","                        return '0.0.1';","                    }","                });","        }","        // run the cli","        if (local.global.utility2_rollup || module !== require.main) {","            break;","        }","        local.assetsDict['/assets.example.js'] =","            local.assetsDict['/assets.example.js'] ||","            local.fs.readFileSync(__filename, 'utf8');","        // bug-workaround - long $npm_package_buildCustomOrg","        /* jslint-ignore-begin */","        local.assetsDict['/assets.npmtest_mquery.rollup.js'] =","            local.assetsDict['/assets.npmtest_mquery.rollup.js'] ||","            local.fs.readFileSync(","                local.npmtest_mquery.__dirname + '/lib.npmtest_mquery.js',","                'utf8'","            ).replace((/^#!/), '//');","        /* jslint-ignore-end */","        local.assetsDict['/favicon.ico'] = local.assetsDict['/favicon.ico'] || '';","        // if $npm_config_timeout_exit exists,","        // then exit this process after $npm_config_timeout_exit ms","        if (Number(process.env.npm_config_timeout_exit)) {","            setTimeout(process.exit, Number(process.env.npm_config_timeout_exit));","        }","        // start server","        if (local.global.utility2_serverHttp1) {","            break;","        }","        process.env.PORT = process.env.PORT || '8081';","        console.error('server starting on port ' + process.env.PORT);","        local.http.createServer(function (request, response) {","            request.urlParsed = local.url.parse(request.url);","            if (local.assetsDict[request.urlParsed.pathname] !== undefined) {","                response.end(local.assetsDict[request.urlParsed.pathname]);","                return;","            }","            response.statusCode = 404;","            response.end();","        }).listen(process.env.PORT);","        break;","    }","}());",""],"l":{"26":2,"28":2,"33":2,"35":2,"37":2,"38":2,"39":2,"44":1,"51":2,"55":2,"59":2,"61":2,"69":1,"70":2,"76":2,"79":2,"82":2,"83":2,"85":1,"89":2,"92":1,"93":1,"94":1,"96":1,"97":1,"100":1,"101":1,"103":1,"106":1,"108":2,"114":1,"116":1,"118":1,"123":1,"124":2,"125":2,"126":3,"127":3,"128":3,"129":3,"130":1,"133":3,"134":3,"139":3,"143":1,"144":3,"145":1,"149":1,"150":1,"158":1,"160":1,"161":1,"162":1,"164":1,"166":1,"258":1,"259":1,"271":1,"274":6,"275":6,"277":1,"279":2,"281":1,"283":2,"288":1,"289":1,"291":1,"296":1,"303":1,"306":1,"307":1,"310":1,"311":1,"313":1,"314":1,"315":1,"316":1,"317":1,"318":1,"319":1,"321":1,"322":1,"324":1}},"/home/travis/build/npmtest/node-npmtest-mquery/node_modules/mquery/lib/mquery.js":{"path":"/home/travis/build/npmtest/node-npmtest-mquery/node_modules/mquery/lib/mquery.js","s":{"1":1,"2":1,"3":1,"4":1,"5":1,"6":1,"7":0,"8":0,"9":0,"10":0,"11":0,"12":0,"13":0,"14":0,"15":0,"16":0,"17":0,"18":0,"19":0,"20":0,"21":0,"22":0,"23":0,"24":0,"25":0,"26":1,"27":1,"28":0,"29":0,"30":0,"31":0,"32":1,"33":1,"34":0,"35":0,"36":0,"37":0,"38":0,"39":0,"40":0,"41":0,"42":0,"43":0,"44":0,"45":0,"46":0,"47":0,"48":0,"49":0,"50":1,"51":0,"52":0,"53":0,"54":0,"55":0,"56":0,"57":0,"58":0,"59":0,"60":0,"61":1,"62":0,"63":0,"64":1,"65":0,"66":0,"67":1,"68":0,"69":0,"70":0,"71":0,"72":0,"73":0,"74":0,"75":0,"76":0,"77":0,"78":0,"79":0,"80":0,"81":1,"82":0,"83":0,"84":0,"85":0,"86":1,"87":0,"88":0,"89":0,"90":0,"91":1,"92":0,"93":0,"94":0,"95":0,"96":0,"97":1,"98":0,"99":0,"100":0,"101":0,"102":0,"103":1,"104":0,"105":0,"106":0,"107":0,"108":0,"109":1,"110":12,"111":0,"112":0,"113":0,"114":0,"115":0,"116":0,"117":0,"118":0,"119":0,"120":0,"121":1,"122":0,"123":0,"124":0,"125":0,"126":0,"127":0,"128":0,"129":0,"130":0,"131":0,"132":0,"133":0,"134":0,"135":0,"136":0,"137":0,"138":0,"139":1,"140":0,"141":0,"142":0,"143":0,"144":0,"145":0,"146":0,"147":0,"148":0,"149":0,"150":0,"151":0,"152":0,"153":0,"154":0,"155":0,"156":0,"157":0,"158":1,"159":0,"160":0,"161":0,"162":0,"163":0,"164":0,"165":0,"166":0,"167":0,"168":0,"169":0,"170":0,"171":0,"172":0,"173":0,"174":0,"175":0,"176":0,"177":0,"178":0,"179":0,"180":0,"181":0,"182":0,"183":0,"184":1,"185":0,"186":0,"187":0,"188":0,"189":0,"190":0,"191":0,"192":0,"193":0,"194":0,"195":0,"196":0,"197":0,"198":0,"199":0,"200":0,"201":0,"202":0,"203":0,"204":0,"205":1,"206":0,"207":0,"208":0,"209":0,"210":0,"211":0,"212":0,"213":0,"214":0,"215":0,"216":0,"217":0,"218":1,"219":0,"220":0,"221":0,"222":0,"223":0,"224":0,"225":0,"226":0,"227":0,"228":0,"229":1,"230":0,"231":0,"232":0,"233":0,"234":0,"235":0,"236":0,"237":0,"238":0,"239":0,"240":0,"241":0,"242":0,"243":0,"244":0,"245":0,"246":0,"247":0,"248":0,"249":1,"250":0,"251":0,"252":0,"253":0,"254":0,"255":0,"256":0,"257":0,"258":0,"259":0,"260":0,"261":0,"262":0,"263":0,"264":0,"265":0,"266":0,"267":0,"268":0,"269":0,"270":0,"271":0,"272":0,"273":0,"274":0,"275":0,"276":0,"277":0,"278":0,"279":0,"280":0,"281":1,"282":0,"283":0,"284":0,"285":0,"286":0,"287":0,"288":0,"289":0,"290":1,"291":0,"292":0,"293":0,"294":0,"295":0,"296":0,"297":0,"298":0,"299":0,"300":0,"301":0,"302":0,"303":0,"304":1,"305":0,"306":0,"307":0,"308":0,"309":0,"310":0,"311":0,"312":0,"313":0,"314":0,"315":0,"316":0,"317":0,"318":0,"319":0,"320":0,"321":0,"322":0,"323":0,"324":0,"325":0,"326":0,"327":0,"328":0,"329":0,"330":0,"331":1,"332":0,"333":0,"334":0,"335":0,"336":0,"337":0,"338":0,"339":0,"340":0,"341":0,"342":0,"343":0,"344":0,"345":0,"346":0,"347":0,"348":0,"349":0,"350":0,"351":0,"352":0,"353":0,"354":0,"355":0,"356":0,"357":0,"358":0,"359":0,"360":1,"361":0,"362":0,"363":0,"364":0,"365":0,"366":0,"367":0,"368":0,"369":0,"370":0,"371":0,"372":0,"373":0,"374":0,"375":0,"376":0,"377":0,"378":0,"379":0,"380":0,"381":0,"382":0,"383":0,"384":0,"385":0,"386":0,"387":0,"388":0,"389":0,"390":0,"391":0,"392":0,"393":0,"394":0,"395":1,"396":0,"397":0,"398":0,"399":0,"400":0,"401":0,"402":0,"403":0,"404":0,"405":0,"406":0,"407":0,"408":0,"409":0,"410":1,"411":0,"412":0,"413":0,"414":0,"415":0,"416":1,"417":0,"418":0,"419":0,"420":0,"421":0,"422":0,"423":1,"424":5,"425":0,"426":0,"427":0,"428":1,"429":0,"430":0,"431":0,"432":1,"433":0,"434":0,"435":0,"436":1,"437":0,"438":0,"439":0,"440":0,"441":0,"442":0,"443":0,"444":0,"445":0,"446":0,"447":0,"448":0,"449":0,"450":1,"451":0,"452":0,"453":1,"454":0,"455":0,"456":0,"457":0,"458":0,"459":1,"460":0,"461":0,"462":0,"463":1,"464":0,"465":0,"466":0,"467":0,"468":0,"469":0,"470":0,"471":0,"472":0,"473":0,"474":0,"475":0,"476":0,"477":0,"478":0,"479":0,"480":0,"481":0,"482":0,"483":0,"484":0,"485":1,"486":0,"487":0,"488":0,"489":0,"490":0,"491":0,"492":0,"493":0,"494":0,"495":0,"496":0,"497":0,"498":0,"499":0,"500":1,"501":0,"502":0,"503":0,"504":0,"505":0,"506":0,"507":0,"508":0,"509":1,"510":0,"511":0,"512":0,"513":0,"514":0,"515":0,"516":0,"517":0,"518":0,"519":0,"520":0,"521":0,"522":0,"523":0,"524":1,"525":0,"526":0,"527":0,"528":0,"529":0,"530":0,"531":0,"532":0,"533":0,"534":0,"535":0,"536":0,"537":0,"538":0,"539":1,"540":0,"541":0,"542":0,"543":0,"544":0,"545":0,"546":0,"547":0,"548":0,"549":0,"550":0,"551":0,"552":0,"553":0,"554":0,"555":0,"556":0,"557":0,"558":0,"559":0,"560":0,"561":0,"562":0,"563":0,"564":0,"565":0,"566":0,"567":0,"568":0,"569":0,"570":0,"571":0,"572":1,"573":0,"574":0,"575":0,"576":0,"577":0,"578":0,"579":0,"580":0,"581":0,"582":0,"583":0,"584":0,"585":0,"586":0,"587":0,"588":0,"589":0,"590":0,"591":0,"592":0,"593":0,"594":0,"595":1,"596":0,"597":0,"598":0,"599":0,"600":0,"601":0,"602":0,"603":0,"604":0,"605":0,"606":0,"607":0,"608":0,"609":0,"610":0,"611":0,"612":0,"613":0,"614":0,"615":0,"616":0,"617":0,"618":1,"619":0,"620":0,"621":0,"622":0,"623":0,"624":0,"625":0,"626":0,"627":0,"628":0,"629":0,"630":0,"631":0,"632":0,"633":0,"634":0,"635":0,"636":0,"637":0,"638":0,"639":0,"640":0,"641":1,"642":0,"643":0,"644":0,"645":0,"646":0,"647":0,"648":0,"649":0,"650":0,"651":0,"652":0,"653":0,"654":0,"655":0,"656":0,"657":0,"658":0,"659":0,"660":0,"661":0,"662":0,"663":0,"664":0,"665":1,"666":0,"667":0,"668":0,"669":0,"670":0,"671":0,"672":0,"673":0,"674":0,"675":0,"676":0,"677":0,"678":0,"679":0,"680":0,"681":0,"682":0,"683":0,"684":0,"685":0,"686":0,"687":1,"688":0,"689":0,"690":0,"691":0,"692":0,"693":0,"694":0,"695":0,"696":0,"697":0,"698":0,"699":0,"700":0,"701":0,"702":0,"703":0,"704":0,"705":0,"706":0,"707":0,"708":1,"709":0,"710":0,"711":0,"712":0,"713":0,"714":0,"715":0,"716":0,"717":0,"718":0,"719":0,"720":0,"721":0,"722":0,"723":0,"724":0,"725":0,"726":0,"727":0,"728":0,"729":0,"730":1,"731":0,"732":0,"733":0,"734":0,"735":0,"736":0,"737":0,"738":0,"739":0,"740":0,"741":0,"742":0,"743":0,"744":0,"745":0,"746":0,"747":0,"748":0,"749":0,"750":0,"751":0,"752":1,"753":0,"754":0,"755":0,"756":0,"757":0,"758":0,"759":0,"760":0,"761":0,"762":0,"763":0,"764":0,"765":0,"766":0,"767":0,"768":0,"769":0,"770":0,"771":0,"772":0,"773":0,"774":0,"775":0,"776":0,"777":0,"778":0,"779":1,"780":0,"781":0,"782":0,"783":0,"784":0,"785":0,"786":0,"787":0,"788":0,"789":0,"790":0,"791":0,"792":0,"793":0,"794":1,"795":0,"796":0,"797":0,"798":0,"799":0,"800":0,"801":0,"802":0,"803":0,"804":0,"805":0,"806":0,"807":0,"808":0,"809":0,"810":0,"811":0,"812":0,"813":0,"814":0,"815":0,"816":1,"817":0,"818":0,"819":0,"820":0,"821":0,"822":0,"823":0,"824":0,"825":0,"826":0,"827":0,"828":0,"829":1,"830":0,"831":0,"832":1,"833":0,"834":0,"835":0,"836":0,"837":0,"838":0,"839":0,"840":0,"841":0,"842":0,"843":0,"844":0,"845":0,"846":0,"847":0,"848":0,"849":0,"850":0,"851":1,"852":0,"853":0,"854":0,"855":1,"856":0,"857":0,"858":0,"859":0,"860":0,"861":0,"862":0,"863":0,"864":1,"865":0,"866":0,"867":0,"868":0,"869":0,"870":0,"871":0,"872":1,"873":0,"874":1,"875":0,"876":0,"877":0,"878":0,"879":0,"880":0,"881":0,"882":0,"883":0,"884":0,"885":0,"886":0,"887":1,"888":0,"889":0,"890":0,"891":0,"892":0,"893":0,"894":0,"895":0,"896":0,"897":0,"898":1,"899":0,"900":0,"901":0,"902":0,"903":0,"904":0,"905":1,"906":0,"907":0,"908":1,"909":0,"910":1,"911":0,"912":0,"913":0,"914":0,"915":0,"916":0,"917":0,"918":0,"919":0,"920":0,"921":0,"922":0,"923":0,"924":0,"925":0,"926":0,"927":0,"928":0,"929":0,"930":0,"931":0,"932":1,"933":0,"934":0,"935":0,"936":1,"937":1,"938":0,"939":0,"940":0,"941":0,"942":1,"943":0,"944":0,"945":0,"946":0,"947":0,"948":0,"949":0,"950":0,"951":0,"952":0,"953":0,"954":1,"955":0,"956":1,"957":0,"958":1,"959":1,"960":1,"961":1,"962":1,"963":1},"b":{"1":[0,0],"2":[0,0],"3":[0,0],"4":[0,0],"5":[0,0],"6":[0,0],"7":[0,0],"8":[0,0],"9":[0,0],"10":[0,0],"11":[0,0],"12":[0,0],"13":[0,0,0],"14":[0,0],"15":[0,0],"16":[0,0],"17":[0,0],"18":[0,0],"19":[0,0],"20":[0,0],"21":[0,0],"22":[0,0],"23":[0,0],"24":[0,0],"25":[0,0],"26":[0,0],"27":[0,0],"28":[0,0],"29":[0,0],"30":[0,0],"31":[0,0],"32":[0,0],"33":[0,0],"34":[0,0],"35":[0,0],"36":[0,0],"37":[0,0],"38":[0,0],"39":[0,0],"40":[0,0],"41":[0,0],"42":[0,0],"43":[0,0],"44":[0,0],"45":[0,0],"46":[0,0],"47":[0,0],"48":[0,0],"49":[0,0],"50":[0,0],"51":[0,0],"52":[0,0],"53":[0,0],"54":[0,0],"55":[0,0],"56":[0,0],"57":[0,0],"58":[0,0],"59":[0,0],"60":[0,0],"61":[0,0],"62":[0,0],"63":[0,0],"64":[0,0],"65":[0,0],"66":[0,0],"67":[0,0],"68":[0,0],"69":[0,0],"70":[0,0],"71":[0,0],"72":[0,0],"73":[0,0],"74":[0,0],"75":[0,0],"76":[0,0],"77":[0,0],"78":[0,0],"79":[0,0],"80":[0,0],"81":[0,0],"82":[0,0],"83":[0,0],"84":[0,0],"85":[0,0],"86":[0,0],"87":[0,0],"88":[0,0],"89":[0,0],"90":[0,0],"91":[0,0],"92":[0,0],"93":[0,0,0],"94":[0,0],"95":[0,0,0,0],"96":[0,0],"97":[0,0],"98":[0,0],"99":[0,0],"100":[0,0],"101":[0,0],"102":[0,0],"103":[0,0],"104":[0,0,0,0],"105":[0,0],"106":[0,0],"107":[0,0],"108":[0,0],"109":[0,0],"110":[0,0],"111":[0,0],"112":[0,0],"113":[0,0],"114":[0,0],"115":[0,0],"116":[0,0],"117":[0,0],"118":[0,0],"119":[0,0],"120":[0,0],"121":[0,0],"122":[0,0],"123":[0,0],"124":[0,0],"125":[0,0],"126":[0,0],"127":[0,0],"128":[0,0],"129":[0,0],"130":[0,0],"131":[0,0],"132":[0,0],"133":[0,0],"134":[0,0],"135":[0,0],"136":[0,0],"137":[0,0],"138":[0,0],"139":[0,0],"140":[0,0],"141":[0,0],"142":[0,0],"143":[0,0],"144":[0,0],"145":[0,0],"146":[0,0],"147":[0,0],"148":[0,0],"149":[0,0],"150":[0,0],"151":[0,0],"152":[0,0],"153":[0,0],"154":[0,0],"155":[0,0],"156":[0,0],"157":[0,0],"158":[0,0],"159":[0,0],"160":[0,0],"161":[0,0],"162":[0,0],"163":[0,0],"164":[0,0],"165":[0,0],"166":[0,0],"167":[0,0],"168":[0,0],"169":[0,0],"170":[0,0],"171":[0,0],"172":[0,0],"173":[0,0,0,0],"174":[0,0],"175":[0,0],"176":[0,0],"177":[0,0],"178":[0,0],"179":[0,0],"180":[0,0,0],"181":[0,0],"182":[0,0],"183":[0,0,0],"184":[0,0,0],"185":[0,0],"186":[0,0],"187":[0,0,0],"188":[0,0,0],"189":[0,0],"190":[0,0],"191":[0,0,0],"192":[0,0,0],"193":[0,0],"194":[0,0],"195":[0,0,0],"196":[0,0],"197":[0,0],"198":[0,0],"199":[0,0],"200":[0,0],"201":[0,0],"202":[0,0,0],"203":[0,0],"204":[0,0],"205":[0,0],"206":[0,0],"207":[0,0],"208":[0,0],"209":[0,0],"210":[0,0],"211":[0,0],"212":[0,0],"213":[0,0],"214":[0,0],"215":[0,0],"216":[0,0],"217":[0,0],"218":[0,0],"219":[0,0],"220":[0,0],"221":[0,0],"222":[0,0],"223":[0,0,0],"224":[0,0],"225":[0,0],"226":[0,0],"227":[0,0],"228":[0,0],"229":[0,0],"230":[0,0],"231":[0,0],"232":[0,0],"233":[0,0],"234":[0,0],"235":[0,0],"236":[0,0],"237":[0,0],"238":[0,0],"239":[0,0],"240":[0,0],"241":[0,0],"242":[0,0],"243":[0,0],"244":[0,0],"245":[0,0],"246":[0,0],"247":[0,0],"248":[0,0],"249":[0,0],"250":[0,0],"251":[0,0],"252":[0,0],"253":[0,0],"254":[0,0],"255":[0,0],"256":[0,0],"257":[0,0],"258":[0,0],"259":[0,0],"260":[0,0,0],"261":[0,0],"262":[0,0],"263":[0,0],"264":[0,0],"265":[0,0],"266":[0,0],"267":[0,0],"268":[0,0],"269":[0,0],"270":[0,0],"271":[0,0],"272":[0,0],"273":[0,0],"274":[0,0],"275":[0,0],"276":[0,0],"277":[0,0],"278":[0,0],"279":[0,0],"280":[0,0]},"f":{"1":0,"2":0,"3":0,"4":0,"5":0,"6":0,"7":0,"8":0,"9":0,"10":0,"11":0,"12":0,"13":0,"14":0,"15":12,"16":0,"17":0,"18":0,"19":0,"20":0,"21":0,"22":0,"23":0,"24":0,"25":0,"26":0,"27":0,"28":0,"29":0,"30":0,"31":0,"32":0,"33":0,"34":5,"35":0,"36":0,"37":0,"38":0,"39":0,"40":0,"41":0,"42":0,"43":0,"44":0,"45":0,"46":0,"47":0,"48":0,"49":0,"50":0,"51":0,"52":0,"53":0,"54":0,"55":0,"56":0,"57":0,"58":0,"59":0,"60":0,"61":0,"62":0,"63":0,"64":0,"65":0,"66":0,"67":0,"68":0,"69":0,"70":0,"71":0,"72":0,"73":0,"74":0,"75":0,"76":0,"77":0,"78":0,"79":0,"80":0,"81":0,"82":0},"fnMap":{"1":{"name":"Query","line":27,"loc":{"start":{"line":27,"column":0},"end":{"line":27,"column":35}}},"2":{"name":"(anonymous_2)","line":81,"loc":{"start":{"line":81,"column":9},"end":{"line":81,"column":22}}},"3":{"name":"(anonymous_3)","line":82,"loc":{"start":{"line":82,"column":9},"end":{"line":82,"column":22}}},"4":{"name":"toConstructor","line":117,"loc":{"start":{"line":117,"column":32},"end":{"line":117,"column":58}}},"5":{"name":"CustomQuery","line":118,"loc":{"start":{"line":118,"column":2},"end":{"line":118,"column":43}}},"6":{"name":"(anonymous_6)","line":169,"loc":{"start":{"line":169,"column":29},"end":{"line":169,"column":48}}},"7":{"name":"collection","line":201,"loc":{"start":{"line":201,"column":29},"end":{"line":201,"column":56}}},"8":{"name":"(anonymous_8)","line":227,"loc":{"start":{"line":227,"column":25},"end":{"line":227,"column":39}}},"9":{"name":"(anonymous_9)","line":259,"loc":{"start":{"line":259,"column":24},"end":{"line":259,"column":36}}},"10":{"name":"equals","line":298,"loc":{"start":{"line":298,"column":25},"end":{"line":298,"column":47}}},"11":{"name":"eq","line":326,"loc":{"start":{"line":326,"column":21},"end":{"line":326,"column":39}}},"12":{"name":"or","line":345,"loc":{"start":{"line":345,"column":21},"end":{"line":345,"column":41}}},"13":{"name":"nor","line":364,"loc":{"start":{"line":364,"column":22},"end":{"line":364,"column":43}}},"14":{"name":"and","line":384,"loc":{"start":{"line":384,"column":22},"end":{"line":384,"column":43}}},"15":{"name":"(anonymous_15)","line":536,"loc":{"start":{"line":536,"column":84},"end":{"line":536,"column":108}}},"16":{"name":"(anonymous_16)","line":537,"loc":{"start":{"line":537,"column":34},"end":{"line":537,"column":46}}},"17":{"name":"(anonymous_17)","line":566,"loc":{"start":{"line":566,"column":22},"end":{"line":566,"column":34}}},"18":{"name":"(anonymous_18)","line":610,"loc":{"start":{"line":610,"column":25},"end":{"line":610,"column":37}}},"19":{"name":"(anonymous_19)","line":661,"loc":{"start":{"line":661,"column":28},"end":{"line":661,"column":40}}},"20":{"name":"within","line":724,"loc":{"start":{"line":724,"column":25},"end":{"line":724,"column":44}}},"21":{"name":"(anonymous_21)","line":778,"loc":{"start":{"line":778,"column":22},"end":{"line":778,"column":34}}},"22":{"name":"(anonymous_22)","line":814,"loc":{"start":{"line":814,"column":26},"end":{"line":814,"column":38}}},"23":{"name":"(anonymous_23)","line":854,"loc":{"start":{"line":854,"column":25},"end":{"line":854,"column":37}}},"24":{"name":"near","line":908,"loc":{"start":{"line":908,"column":23},"end":{"line":908,"column":40}}},"25":{"name":"intersects","line":989,"loc":{"start":{"line":989,"column":29},"end":{"line":989,"column":52}}},"26":{"name":"geometry","line":1044,"loc":{"start":{"line":1044,"column":27},"end":{"line":1044,"column":48}}},"27":{"name":"select","line":1100,"loc":{"start":{"line":1100,"column":25},"end":{"line":1100,"column":44}}},"28":{"name":"(anonymous_28)","line":1158,"loc":{"start":{"line":1158,"column":24},"end":{"line":1158,"column":36}}},"29":{"name":"(anonymous_29)","line":1222,"loc":{"start":{"line":1222,"column":23},"end":{"line":1222,"column":38}}},"30":{"name":"push","line":1280,"loc":{"start":{"line":1280,"column":0},"end":{"line":1280,"column":35}}},"31":{"name":"_pushArr","line":1308,"loc":{"start":{"line":1308,"column":0},"end":{"line":1308,"column":39}}},"32":{"name":"_pushMap","line":1323,"loc":{"start":{"line":1323,"column":0},"end":{"line":1323,"column":30}}},"33":{"name":"(anonymous_33)","line":1329,"loc":{"start":{"line":1329,"column":14},"end":{"line":1329,"column":35}}},"34":{"name":"(anonymous_34)","line":1433,"loc":{"start":{"line":1433,"column":62},"end":{"line":1433,"column":80}}},"35":{"name":"(anonymous_35)","line":1434,"loc":{"start":{"line":1434,"column":28},"end":{"line":1434,"column":41}}},"36":{"name":"(anonymous_36)","line":1455,"loc":{"start":{"line":1455,"column":26},"end":{"line":1455,"column":39}}},"37":{"name":"(anonymous_37)","line":1479,"loc":{"start":{"line":1479,"column":27},"end":{"line":1479,"column":39}}},"38":{"name":"(anonymous_38)","line":1507,"loc":{"start":{"line":1507,"column":23},"end":{"line":1507,"column":35}}},"39":{"name":"(anonymous_39)","line":1548,"loc":{"start":{"line":1548,"column":26},"end":{"line":1548,"column":39}}},"40":{"name":"(anonymous_40)","line":1601,"loc":{"start":{"line":1601,"column":23},"end":{"line":1601,"column":39}}},"41":{"name":"(anonymous_41)","line":1628,"loc":{"start":{"line":1628,"column":27},"end":{"line":1628,"column":39}}},"42":{"name":"(anonymous_42)","line":1647,"loc":{"start":{"line":1647,"column":24},"end":{"line":1647,"column":42}}},"43":{"name":"(anonymous_43)","line":1706,"loc":{"start":{"line":1706,"column":23},"end":{"line":1706,"column":53}}},"44":{"name":"cursor","line":1747,"loc":{"start":{"line":1747,"column":25},"end":{"line":1747,"column":52}}},"45":{"name":"(anonymous_45)","line":1792,"loc":{"start":{"line":1792,"column":26},"end":{"line":1792,"column":56}}},"46":{"name":"(anonymous_46)","line":1846,"loc":{"start":{"line":1846,"column":24},"end":{"line":1846,"column":54}}},"47":{"name":"(anonymous_47)","line":1894,"loc":{"start":{"line":1894,"column":27},"end":{"line":1894,"column":64}}},"48":{"name":"update","line":2035,"loc":{"start":{"line":2035,"column":25},"end":{"line":2035,"column":76}}},"49":{"name":"updateMany","line":2093,"loc":{"start":{"line":2093,"column":29},"end":{"line":2093,"column":84}}},"50":{"name":"updateOne","line":2151,"loc":{"start":{"line":2151,"column":28},"end":{"line":2151,"column":82}}},"51":{"name":"replaceOne","line":2208,"loc":{"start":{"line":2208,"column":29},"end":{"line":2208,"column":84}}},"52":{"name":"_update","line":2252,"loc":{"start":{"line":2252,"column":0},"end":{"line":2252,"column":70}}},"53":{"name":"(anonymous_53)","line":2331,"loc":{"start":{"line":2331,"column":25},"end":{"line":2331,"column":55}}},"54":{"name":"(anonymous_54)","line":2379,"loc":{"start":{"line":2379,"column":28},"end":{"line":2379,"column":58}}},"55":{"name":"(anonymous_55)","line":2428,"loc":{"start":{"line":2428,"column":29},"end":{"line":2428,"column":59}}},"56":{"name":"(anonymous_56)","line":2493,"loc":{"start":{"line":2493,"column":35},"end":{"line":2493,"column":79}}},"57":{"name":"(anonymous_57)","line":2563,"loc":{"start":{"line":2563,"column":35},"end":{"line":2563,"column":76}}},"58":{"name":"(anonymous_58)","line":2596,"loc":{"start":{"line":2596,"column":33},"end":{"line":2596,"column":59}}},"59":{"name":"(anonymous_59)","line":2649,"loc":{"start":{"line":2649,"column":32},"end":{"line":2649,"column":71}}},"60":{"name":"wrapperCallback","line":2660,"loc":{"start":{"line":2660,"column":11},"end":{"line":2660,"column":50}}},"61":{"name":"(anonymous_61)","line":2694,"loc":{"start":{"line":2694,"column":35},"end":{"line":2694,"column":60}}},"62":{"name":"exec","line":2714,"loc":{"start":{"line":2714,"column":23},"end":{"line":2714,"column":52}}},"63":{"name":"(anonymous_63)","line":2736,"loc":{"start":{"line":2736,"column":29},"end":{"line":2736,"column":54}}},"64":{"name":"(anonymous_64)","line":2737,"loc":{"start":{"line":2737,"column":20},"end":{"line":2737,"column":39}}},"65":{"name":"(anonymous_65)","line":2756,"loc":{"start":{"line":2756,"column":24},"end":{"line":2756,"column":35}}},"66":{"name":"(anonymous_66)","line":2758,"loc":{"start":{"line":2758,"column":9},"end":{"line":2758,"column":22}}},"67":{"name":"(anonymous_67)","line":2773,"loc":{"start":{"line":2773,"column":23},"end":{"line":2773,"column":49}}},"68":{"name":"(anonymous_68)","line":2775,"loc":{"start":{"line":2775,"column":34},"end":{"line":2775,"column":59}}},"69":{"name":"(anonymous_69)","line":2776,"loc":{"start":{"line":2776,"column":14},"end":{"line":2776,"column":33}}},"70":{"name":"(anonymous_70)","line":2792,"loc":{"start":{"line":2792,"column":25},"end":{"line":2792,"column":49}}},"71":{"name":"selected","line":2813,"loc":{"start":{"line":2813,"column":27},"end":{"line":2813,"column":48}}},"72":{"name":"selectedInclusively","line":2828,"loc":{"start":{"line":2828,"column":38},"end":{"line":2828,"column":70}}},"73":{"name":"selectedExclusively","line":2858,"loc":{"start":{"line":2858,"column":38},"end":{"line":2858,"column":70}}},"74":{"name":"(anonymous_74)","line":2878,"loc":{"start":{"line":2878,"column":31},"end":{"line":2878,"column":46}}},"75":{"name":"(anonymous_75)","line":2896,"loc":{"start":{"line":2896,"column":34},"end":{"line":2896,"column":46}}},"76":{"name":"(anonymous_76)","line":2908,"loc":{"start":{"line":2908,"column":33},"end":{"line":2908,"column":45}}},"77":{"name":"(anonymous_77)","line":2918,"loc":{"start":{"line":2918,"column":33},"end":{"line":2918,"column":45}}},"78":{"name":"(anonymous_78)","line":2965,"loc":{"start":{"line":2965,"column":30},"end":{"line":2965,"column":48}}},"79":{"name":"(anonymous_79)","line":2979,"loc":{"start":{"line":2979,"column":21},"end":{"line":2979,"column":37}}},"80":{"name":"(anonymous_80)","line":2985,"loc":{"start":{"line":2985,"column":28},"end":{"line":2985,"column":46}}},"81":{"name":"(anonymous_81)","line":3012,"loc":{"start":{"line":3012,"column":17},"end":{"line":3012,"column":34}}},"82":{"name":"(anonymous_82)","line":3025,"loc":{"start":{"line":3025,"column":31},"end":{"line":3025,"column":56}}}},"statementMap":{"1":{"start":{"line":7,"column":0},"end":{"line":7,"column":29}},"2":{"start":{"line":8,"column":0},"end":{"line":8,"column":30}},"3":{"start":{"line":9,"column":0},"end":{"line":9,"column":26}},"4":{"start":{"line":10,"column":0},"end":{"line":10,"column":30}},"5":{"start":{"line":11,"column":0},"end":{"line":11,"column":39}},"6":{"start":{"line":27,"column":0},"end":{"line":67,"column":1}},"7":{"start":{"line":28,"column":2},"end":{"line":29,"column":40}},"8":{"start":{"line":29,"column":4},"end":{"line":29,"column":40}},"9":{"start":{"line":31,"column":2},"end":{"line":31,"column":41}},"10":{"start":{"line":33,"column":2},"end":{"line":33,"column":34}},"11":{"start":{"line":35,"column":2},"end":{"line":35,"column":20}},"12":{"start":{"line":36,"column":2},"end":{"line":36,"column":33}},"13":{"start":{"line":38,"column":2},"end":{"line":40,"column":9}},"14":{"start":{"line":42,"column":2},"end":{"line":44,"column":16}},"15":{"start":{"line":46,"column":2},"end":{"line":48,"column":16}},"16":{"start":{"line":50,"column":2},"end":{"line":50,"column":40}},"17":{"start":{"line":51,"column":2},"end":{"line":51,"column":48}},"18":{"start":{"line":52,"column":2},"end":{"line":52,"column":52}},"19":{"start":{"line":53,"column":2},"end":{"line":53,"column":58}},"20":{"start":{"line":55,"column":2},"end":{"line":57,"column":3}},"21":{"start":{"line":56,"column":4},"end":{"line":56,"column":29}},"22":{"start":{"line":59,"column":2},"end":{"line":66,"column":3}},"23":{"start":{"line":60,"column":4},"end":{"line":65,"column":5}},"24":{"start":{"line":62,"column":6},"end":{"line":62,"column":32}},"25":{"start":{"line":64,"column":6},"end":{"line":64,"column":26}},"26":{"start":{"line":79,"column":0},"end":{"line":79,"column":30}},"27":{"start":{"line":80,"column":0},"end":{"line":90,"column":3}},"28":{"start":{"line":81,"column":24},"end":{"line":81,"column":58}},"29":{"start":{"line":83,"column":6},"end":{"line":88,"column":7}},"30":{"start":{"line":85,"column":8},"end":{"line":85,"column":34}},"31":{"start":{"line":87,"column":8},"end":{"line":87,"column":31}},"32":{"start":{"line":117,"column":0},"end":{"line":142,"column":1}},"33":{"start":{"line":118,"column":2},"end":{"line":122,"column":3}},"34":{"start":{"line":119,"column":4},"end":{"line":120,"column":48}},"35":{"start":{"line":120,"column":6},"end":{"line":120,"column":48}},"36":{"start":{"line":121,"column":4},"end":{"line":121,"column":40}},"37":{"start":{"line":124,"column":2},"end":{"line":124,"column":37}},"38":{"start":{"line":127,"column":2},"end":{"line":127,"column":32}},"39":{"start":{"line":129,"column":2},"end":{"line":129,"column":17}},"40":{"start":{"line":130,"column":2},"end":{"line":130,"column":29}},"41":{"start":{"line":132,"column":2},"end":{"line":132,"column":17}},"42":{"start":{"line":133,"column":2},"end":{"line":133,"column":97}},"43":{"start":{"line":134,"column":2},"end":{"line":134,"column":89}},"44":{"start":{"line":135,"column":2},"end":{"line":135,"column":89}},"45":{"start":{"line":136,"column":2},"end":{"line":136,"column":23}},"46":{"start":{"line":137,"column":2},"end":{"line":137,"column":31}},"47":{"start":{"line":138,"column":2},"end":{"line":138,"column":35}},"48":{"start":{"line":139,"column":2},"end":{"line":139,"column":41}},"49":{"start":{"line":141,"column":2},"end":{"line":141,"column":21}},"50":{"start":{"line":169,"column":0},"end":{"line":192,"column":1}},"51":{"start":{"line":170,"column":2},"end":{"line":171,"column":16}},"52":{"start":{"line":171,"column":4},"end":{"line":171,"column":16}},"53":{"start":{"line":174,"column":2},"end":{"line":175,"column":12}},"54":{"start":{"line":177,"column":2},"end":{"line":189,"column":3}},"55":{"start":{"line":178,"column":4},"end":{"line":178,"column":24}},"56":{"start":{"line":181,"column":4},"end":{"line":188,"column":5}},"57":{"start":{"line":182,"column":6},"end":{"line":184,"column":28}},"58":{"start":{"line":185,"column":6},"end":{"line":185,"column":36}},"59":{"start":{"line":187,"column":6},"end":{"line":187,"column":45}},"60":{"start":{"line":191,"column":2},"end":{"line":191,"column":14}},"61":{"start":{"line":201,"column":0},"end":{"line":205,"column":1}},"62":{"start":{"line":202,"column":2},"end":{"line":202,"column":48}},"63":{"start":{"line":204,"column":2},"end":{"line":204,"column":14}},"64":{"start":{"line":227,"column":0},"end":{"line":230,"column":1}},"65":{"start":{"line":228,"column":2},"end":{"line":228,"column":31}},"66":{"start":{"line":229,"column":2},"end":{"line":229,"column":14}},"67":{"start":{"line":259,"column":0},"end":{"line":280,"column":1}},"68":{"start":{"line":260,"column":2},"end":{"line":260,"column":37}},"69":{"start":{"line":260,"column":25},"end":{"line":260,"column":37}},"70":{"start":{"line":261,"column":2},"end":{"line":261,"column":33}},"71":{"start":{"line":261,"column":16},"end":{"line":261,"column":33}},"72":{"start":{"line":263,"column":2},"end":{"line":263,"column":33}},"73":{"start":{"line":265,"column":2},"end":{"line":273,"column":3}},"74":{"start":{"line":266,"column":4},"end":{"line":266,"column":30}},"75":{"start":{"line":268,"column":4},"end":{"line":270,"column":5}},"76":{"start":{"line":269,"column":6},"end":{"line":269,"column":50}},"77":{"start":{"line":272,"column":4},"end":{"line":272,"column":16}},"78":{"start":{"line":275,"column":2},"end":{"line":277,"column":3}},"79":{"start":{"line":276,"column":4},"end":{"line":276,"column":36}},"80":{"start":{"line":279,"column":2},"end":{"line":279,"column":57}},"81":{"start":{"line":298,"column":0},"end":{"line":303,"column":1}},"82":{"start":{"line":299,"column":2},"end":{"line":299,"column":29}},"83":{"start":{"line":300,"column":2},"end":{"line":300,"column":24}},"84":{"start":{"line":301,"column":2},"end":{"line":301,"column":31}},"85":{"start":{"line":302,"column":2},"end":{"line":302,"column":14}},"86":{"start":{"line":326,"column":0},"end":{"line":331,"column":1}},"87":{"start":{"line":327,"column":2},"end":{"line":327,"column":25}},"88":{"start":{"line":328,"column":2},"end":{"line":328,"column":24}},"89":{"start":{"line":329,"column":2},"end":{"line":329,"column":31}},"90":{"start":{"line":330,"column":2},"end":{"line":330,"column":14}},"91":{"start":{"line":345,"column":0},"end":{"line":350,"column":1}},"92":{"start":{"line":346,"column":2},"end":{"line":346,"column":63}},"93":{"start":{"line":347,"column":2},"end":{"line":347,"column":45}},"94":{"start":{"line":347,"column":29},"end":{"line":347,"column":45}},"95":{"start":{"line":348,"column":2},"end":{"line":348,"column":27}},"96":{"start":{"line":349,"column":2},"end":{"line":349,"column":14}},"97":{"start":{"line":364,"column":0},"end":{"line":369,"column":1}},"98":{"start":{"line":365,"column":2},"end":{"line":365,"column":66}},"99":{"start":{"line":366,"column":2},"end":{"line":366,"column":45}},"100":{"start":{"line":366,"column":29},"end":{"line":366,"column":45}},"101":{"start":{"line":367,"column":2},"end":{"line":367,"column":29}},"102":{"start":{"line":368,"column":2},"end":{"line":368,"column":14}},"103":{"start":{"line":384,"column":0},"end":{"line":389,"column":1}},"104":{"start":{"line":385,"column":2},"end":{"line":385,"column":66}},"105":{"start":{"line":386,"column":2},"end":{"line":386,"column":45}},"106":{"start":{"line":386,"column":29},"end":{"line":386,"column":45}},"107":{"start":{"line":387,"column":2},"end":{"line":387,"column":29}},"108":{"start":{"line":388,"column":2},"end":{"line":388,"column":14}},"109":{"start":{"line":536,"column":0},"end":{"line":555,"column":2}},"110":{"start":{"line":537,"column":2},"end":{"line":554,"column":4}},"111":{"start":{"line":538,"column":4},"end":{"line":538,"column":18}},"112":{"start":{"line":540,"column":4},"end":{"line":547,"column":5}},"113":{"start":{"line":541,"column":6},"end":{"line":541,"column":37}},"114":{"start":{"line":542,"column":6},"end":{"line":542,"column":25}},"115":{"start":{"line":543,"column":6},"end":{"line":543,"column":24}},"116":{"start":{"line":545,"column":6},"end":{"line":545,"column":25}},"117":{"start":{"line":546,"column":6},"end":{"line":546,"column":26}},"118":{"start":{"line":549,"column":4},"end":{"line":551,"column":36}},"119":{"start":{"line":552,"column":4},"end":{"line":552,"column":36}},"120":{"start":{"line":553,"column":4},"end":{"line":553,"column":16}},"121":{"start":{"line":566,"column":0},"end":{"line":588,"column":1}},"122":{"start":{"line":567,"column":2},"end":{"line":567,"column":16}},"123":{"start":{"line":569,"column":2},"end":{"line":583,"column":3}},"124":{"start":{"line":570,"column":4},"end":{"line":570,"column":27}},"125":{"start":{"line":571,"column":4},"end":{"line":571,"column":23}},"126":{"start":{"line":572,"column":4},"end":{"line":572,"column":22}},"127":{"start":{"line":573,"column":9},"end":{"line":583,"column":3}},"128":{"start":{"line":574,"column":4},"end":{"line":574,"column":27}},"129":{"start":{"line":575,"column":4},"end":{"line":575,"column":27}},"130":{"start":{"line":576,"column":4},"end":{"line":576,"column":22}},"131":
[...]
}},"24":{"start":{"line":64,"column":0},"end":{"line":81,"column":1}},"25":{"start":{"line":65,"column":2},"end":{"line":67,"column":3}},"26":{"start":{"line":66,"column":4},"end":{"line":66,"column":38}},"27":{"start":{"line":69,"column":2},"end":{"line":69,"column":39}},"28":{"start":{"line":70,"column":2},"end":{"line":70,"column":10}},"29":{"start":{"line":72,"column":2},"end":{"line":78,"column":5}},"30":{"start":{"line":73,"column":4},"end":{"line":76,"column":5}},"31":{"start":{"line":74,"column":6},"end":{"line":74,"column":19}},"32":{"start":{"line":75,"column":6},"end":{"line":75,"column":19}},"33":{"start":{"line":77,"column":4},"end":{"line":77,"column":16}},"34":{"start":{"line":80,"column":2},"end":{"line":80,"column":13}},"35":{"start":{"line":83,"column":0},"end":{"line":88,"column":29}}},"branchMap":{"1":{"line":6,"type":"if","locations":[{"start":{"line":6,"column":2},"end":{"line":6,"column":2}},{"start":{"line":6,"column":2},"end":{"line":6,"column":2}}]},"2":{"line":6,"type":"binary-expr","locations":[{"start":{"line":6,"column":6},"end":{"line":6,"column":18}},{"start":{"line":6,"column":22},"end":{"line":6,"column":58}}]},"3":{"line":14,"type":"if","locations":[{"start":{"line":14,"column":4},"end":{"line":14,"column":4}},{"start":{"line":14,"column":4},"end":{"line":14,"column":4}}]},"4":{"line":45,"type":"if","locations":[{"start":{"line":45,"column":4},"end":{"line":45,"column":4}},{"start":{"line":45,"column":4},"end":{"line":45,"column":4}}]},"5":{"line":65,"type":"if","locations":[{"start":{"line":65,"column":2},"end":{"line":65,"column":2}},{"start":{"line":65,"column":2},"end":{"line":65,"column":2}}]},"6":{"line":65,"type":"binary-expr","locations":[{"start":{"line":65,"column":6},"end":{"line":65,"column":18}},{"start":{"line":65,"column":22},"end":{"line":65,"column":58}}]},"7":{"line":73,"type":"if","locations":[{"start":{"line":73,"column":4},"end":{"line":73,"column":4}},{"start":{"line":73,"column":4},"end":{"line":73,"column":4}}]}},"code":["'use strict';","","var denied = exports;","","denied.distinct = function (self) {","  if (self._fields && Object.keys(self._fields).length > 0) {","    return 'field selection and slice'","  }","","  var keys = Object.keys(denied.distinct);","  var err;","","  keys.every(function (option) {","    if (self.options[option]) {","      err = option;","      return false;","    }","    return true;","  });","","  return err;","};","denied.distinct.select =","denied.distinct.slice =","denied.distinct.sort =","denied.distinct.limit =","denied.distinct.skip =","denied.distinct.batchSize =","denied.distinct.comment =","denied.distinct.maxScan =","denied.distinct.snapshot =","denied.distinct.hint =","denied.distinct.tailable = true;","","","// aggregation integration","","","denied.findOneAndUpdate =","denied.findOneAndRemove = function (self) {","  var keys = Object.keys(denied.findOneAndUpdate);","  var err;","","  keys.every(function (option) {","    if (self.options[option]) {","      err = option;","      return false;","    }","    return true;","  });","","  return err;","}","denied.findOneAndUpdate.limit =","denied.findOneAndUpdate.skip =","denied.findOneAndUpdate.batchSize =","denied.findOneAndUpdate.maxScan =","denied.findOneAndUpdate.snapshot =","denied.findOneAndUpdate.hint =","denied.findOneAndUpdate.tailable =","denied.findOneAndUpdate.comment = true;","","","denied.count = function (self) {","  if (self._fields && Object.keys(self._fields).length > 0) {","    return 'field selection and slice'","  }","","  var keys = Object.keys(denied.count);","  var err;","","  keys.every(function (option) {","    if (self.options[option]) {","      err = option;","      return false;","    }","    return true;","  });","","  return err;","}","","denied.count.slice =","denied.count.batchSize =","denied.count.comment =","denied.count.maxScan =","denied.count.snapshot =","denied.count.tailable = true;",""],"l":{"3":1,"5":1,"6":0,"7":0,"10":0,"11":0,"13":0,"14":0,"15":0,"16":0,"18":0,"21":0,"23":1,"39":1,"41":0,"42":0,"44":0,"45":0,"46":0,"47":0,"49":0,"52":0,"54":1,"64":1,"65":0,"66":0,"69":0,"70":0,"72":0,"73":0,"74":0,"75":0,"77":0,"80":0,"83":1}},"/home/travis/build/npmtest/node-npmtest-mquery/node_modules/mquery/lib/env.js":{"path":"/home/travis/build/npmtest/node-npmtest-mquery/node_modules/mquery/lib/env.js","s":{"1":1,"2":1,"3":1,"4":1},"b":{"1":[1,1,1,1,1],"2":[1,0,0,0,0],"3":[1,0,0],"4":[1,0],"5":[0,0],"6":[0,0]},"f":{},"fnMap":{},"statementMap":{"1":{"start":{"line":3,"column":0},"end":{"line":7,"column":26}},"2":{"start":{"line":9,"column":0},"end":{"line":13,"column":38}},"3":{"start":{"line":15,"column":0},"end":{"line":17,"column":49}},"4":{"start":{"line":19,"column":0},"end":{"line":22,"column":13}}},"branchMap":{"1":{"line":3,"type":"binary-expr","locations":[{"start":{"line":3,"column":17},"end":{"line":3,"column":46}},{"start":{"line":4,"column":14},"end":{"line":4,"column":39}},{"start":{"line":5,"column":14},"end":{"line":5,"column":39}},{"start":{"line":6,"column":14},"end":{"line":6,"column":41}},{"start":{"line":7,"column":14},"end":{"line":7,"column":26}}]},"2":{"line":9,"type":"binary-expr","locations":[{"start":{"line":9,"column":18},"end":{"line":9,"column":33}},{"start":{"line":10,"column":14},"end":{"line":10,"column":44}},{"start":{"line":11,"column":14},"end":{"line":11,"column":43}},{"start":{"line":12,"column":14},"end":{"line":12,"column":37}},{"start":{"line":13,"column":14},"end":{"line":13,"column":37}}]},"3":{"line":15,"type":"binary-expr","locations":[{"start":{"line":15,"column":20},"end":{"line":15,"column":35}},{"start":{"line":16,"column":20},"end":{"line":16,"column":36}},{"start":{"line":17,"column":20},"end":{"line":17,"column":48}}]},"4":{"line":19,"type":"cond-expr","locations":[{"start":{"line":19,"column":32},"end":{"line":19,"column":38}},{"start":{"line":20,"column":4},"end":{"line":22,"column":13}}]},"5":{"line":20,"type":"cond-expr","locations":[{"start":{"line":20,"column":22},"end":{"line":20,"column":29}},{"start":{"line":21,"column":4},"end":{"line":22,"column":13}}]},"6":{"line":21,"type":"cond-expr","locations":[{"start":{"line":21,"column":24},"end":{"line":21,"column":33}},{"start":{"line":22,"column":4},"end":{"line":22,"column":13}}]}},"code":["'use strict';","","exports.isNode = 'undefined' != typeof process","           && 'object' == typeof module","           && 'object' == typeof global","           && 'function' == typeof Buffer","           && process.argv","","exports.isMongo = !exports.isNode","           && 'function' == typeof printjson","           && 'function' == typeof ObjectId","           && 'function' == typeof rs","           && 'function' == typeof sh;","","exports.isBrowser = !exports.isNode","                 && !exports.isMongo","                 && 'undefined' != typeof window;","","exports.type = exports.isNode ? 'node'","  : exports.isMongo ? 'mongo'","  : exports.isBrowser ? 'browser'","  : 'unknown'",""],"l":{"3":1,"9":1,"15":1,"19":1}},"/home/travis/build/npmtest/node-npmtest-mquery/node_modules/mquery/lib/collection/index.js":{"path":"/home/travis/build/npmtest/node-npmtest-mquery/node_modules/mquery/lib/collection/index.js","s":{"1":1,"2":1,"3":0,"4":1},"b":{"1":[0,1],"2":[1,0],"3":[0,0]},"f":{},"fnMap":{},"statementMap":{"1":{"start":{"line":3,"column":0},"end":{"line":3,"column":27}},"2":{"start":{"line":5,"column":0},"end":{"line":7,"column":1}},"3":{"start":{"line":6,"column":2},"end":{"line":6,"column":40}},"4":{"start":{"line":9,"column":0},"end":{"line":12,"column":26}}},"branchMap":{"1":{"line":5,"type":"if","locations":[{"start":{"line":5,"column":0},"end":{"line":5,"column":0}},{"start":{"line":5,"column":0},"end":{"line":5,"column":0}}]},"2":{"line":10,"type":"cond-expr","locations":[{"start":{"line":10,"column":15},"end":{"line":10,"column":32}},{"start":{"line":11,"column":2},"end":{"line":12,"column":25}}]},"3":{"line":11,"type":"cond-expr","locations":[{"start":{"line":11,"column":16},"end":{"line":11,"column":39}},{"start":{"line":12,"column":2},"end":{"line":12,"column":25}}]}},"code":["'use strict';","","var env = require('../env')","","if ('unknown' == env.type) {","  throw new Error('Unknown environment')","}","","module.exports =","  env.isNode ? require('./node') :","  env.isMongo ? require('./collection') :","  require('./collection');","",""],"l":{"3":1,"5":1,"6":0,"9":1}},"/home/travis/build/npmtest/node-npmtest-mquery/node_modules/mquery/lib/collection/node.js":{"path":"/home/travis/build/npmtest/node-npmtest-mquery/node_modules/mquery/lib/collection/node.js","s":{"1":1,"2":1,"3":1,"4":0,"5":0,"6":1,"7":1,"8":0,"9":0,"10":0,"11":0,"12":1,"13":0,"14":1,"15":0,"16":1,"17":0,"18":1,"19":0,"20":1,"21":0,"22":1,"23":0,"24":1,"25":0,"26":1,"27":0,"28":1,"29":0,"30":1,"31":0,"32":1,"33":0,"34":0,"35":1,"36":0,"37":1,"38":0,"39":1},"b":{"1":[0,0],"2":[0,0]},"f":{"1":0,"2":0,"3":0,"4":0,"5":0,"6":0,"7":0,"8":0,"9":0,"10":0,"11":0,"12":0,"13":0,"14":0,"15":0,"16":0},"fnMap":{"1":{"name":"NodeCollection","line":10,"loc":{"start":{"line":10,"column":0},"end":{"line":10,"column":30}}},"2":{"name":"(anonymous_2)","line":25,"loc":{"start":{"line":25,"column":32},"end":{"line":25,"column":62}}},"3":{"name":"(anonymous_3)","line":26,"loc":{"start":{"line":26,"column":39},"end":{"line":26,"column":62}}},"4":{"name":"(anonymous_4)","line":37,"loc":{"start":{"line":37,"column":35},"end":{"line":37,"column":65}}},"5":{"name":"(anonymous_5)","line":45,"loc":{"start":{"line":45,"column":33},"end":{"line":45,"column":63}}},"6":{"name":"(anonymous_6)","line":53,"loc":{"start":{"line":53,"column":37},"end":{"line":53,"column":73}}},"7":{"name":"(anonymous_7)","line":61,"loc":{"start":{"line":61,"column":34},"end":{"line":61,"column":72}}},"8":{"name":"(anonymous_8)","line":69,"loc":{"start":{"line":69,"column":38},"end":{"line":69,"column":76}}},"9":{"name":"(anonymous_9)","line":77,"loc":{"start":{"line":77,"column":37},"end":{"line":77,"column":75}}},"10":{"name":"(anonymous_10)","line":85,"loc":{"start":{"line":85,"column":38},"end":{"line":85,"column":76}}},"11":{"name":"(anonymous_11)","line":93,"loc":{"start":{"line":93,"column":37},"end":{"line":93,"column":67}}},"12":{"name":"(anonymous_12)","line":101,"loc":{"start":{"line":101,"column":38},"end":{"line":101,"column":68}}},"13":{"name":"(anonymous_13)","line":109,"loc":{"start":{"line":109,"column":34},"end":{"line":109,"column":64}}},"14":{"name":"(anonymous_14)","line":117,"loc":{"start":{"line":117,"column":41},"end":{"line":117,"column":79}}},"15":{"name":"(anonymous_15)","line":126,"loc":{"start":{"line":126,"column":38},"end":{"line":126,"column":82}}},"16":{"name":"(anonymous_16)","line":134,"loc":{"start":{"line":134,"column":38},"end":{"line":134,"column":67}}}},"statementMap":{"1":{"start":{"line":7,"column":0},"end":{"line":7,"column":41}},"2":{"start":{"line":8,"column":0},"end":{"line":8,"column":32}},"3":{"start":{"line":10,"column":0},"end":{"line":13,"column":1}},"4":{"start":{"line":11,"column":2},"end":{"line":11,"column":24}},"5":{"start":{"line":12,"column":2},"end":{"line":12,"column":43}},"6":{"start":{"line":19,"column":0},"end":{"line":19,"column":43}},"7":{"start":{"line":25,"column":0},"end":{"line":31,"column":1}},"8":{"start":{"line":26,"column":2},"end":{"line":30,"column":5}},"9":{"start":{"line":27,"column":4},"end":{"line":27,"column":28}},"10":{"start":{"line":27,"column":13},"end":{"line":27,"column":28}},"11":{"start":{"line":29,"column":4},"end":{"line":29,"column":23}},"12":{"start":{"line":37,"column":0},"end":{"line":39,"column":1}},"13":{"start":{"line":38,"column":2},"end":{"line":38,"column":46}},"14":{"start":{"line":45,"column":0},"end":{"line":47,"column":1}},"15":{"start":{"line":46,"column":2},"end":{"line":46,"column":44}},"16":{"start":{"line":53,"column":0},"end":{"line":55,"column":1}},"17":{"start":{"line":54,"column":2},"end":{"line":54,"column":53}},"18":{"start":{"line":61,"column":0},"end":{"line":63,"column":1}},"19":{"start":{"line":62,"column":2},"end":{"line":62,"column":53}},"20":{"start":{"line":69,"column":0},"end":{"line":71,"column":1}},"21":{"start":{"line":70,"column":2},"end":{"line":70,"column":57}},"22":{"start":{"line":77,"column":0},"end":{"line":79,"column":1}},"23":{"start":{"line":78,"column":2},"end":{"line":78,"column":56}},"24":{"start":{"line":85,"column":0},"end":{"line":87,"column":1}},"25":{"start":{"line":86,"column":2},"end":{"line":86,"column":57}},"26":{"start":{"line":93,"column":0},"end":{"line":95,"column":1}},"27":{"start":{"line":94,"column":2},"end":{"line":94,"column":48}},"28":{"start":{"line":101,"column":0},"end":{"line":103,"column":1}},"29":{"start":{"line":102,"column":2},"end":{"line":102,"column":49}},"30":{"start":{"line":109,"column":0},"end":{"line":111,"column":1}},"31":{"start":{"line":110,"column":2},"end":{"line":110,"column":45}},"32":{"start":{"line":117,"column":0},"end":{"line":120,"column":1}},"33":{"start":{"line":118,"column":2},"end":{"line":118,"column":61}},"34":{"start":{"line":119,"column":2},"end":{"line":119,"column":66}},"35":{"start":{"line":126,"column":0},"end":{"line":128,"column":1}},"36":{"start":{"line":127,"column":2},"end":{"line":127,"column":50}},"37":{"start":{"line":134,"column":0},"end":{"line":136,"column":1}},"38":{"start":{"line":135,"column":2},"end":{"line":135,"column":50}},"39":{"start":{"line":147,"column":0},"end":{"line":147,"column":42}}},"branchMap":{"1":{"line":27,"type":"if","locations":[{"start":{"line":27,"column":4},"end":{"line":27,"column":4}},{"start":{"line":27,"column":4},"end":{"line":27,"column":4}}]},"2":{"line":118,"type":"cond-expr","locations":[{"start":{"line":118,"column":43},"end":{"line":118,"column":55}},{"start":{"line":118,"column":58},"end":{"line":118,"column":60}}]}},"code":["'use strict';","","/**"," * Module dependencies"," */","","var Collection = require('./collection');","var utils = require('../utils');","","function NodeCollection (col) {","  this.collection = col;","  this.collectionName = col.collectionName;","}","","/**"," * inherit from collection base class"," */","","utils.inherits(NodeCollection, Collection);","","/**"," * find(match, options, function(err, docs))"," */","","NodeCollection.prototype.find = function (match, options, cb) {","  this.collection.find(match, options, function (err, cursor) {","    if (err) return cb(err);","","    cursor.toArray(cb);","  });","}","","/**"," * findOne(match, options, function(err, doc))"," */","","NodeCollection.prototype.findOne = function (match, options, cb) {","  this.collection.findOne(match, options, cb);","}","","/**"," * count(match, options, function(err, count))"," */","","NodeCollection.prototype.count = function (match, options, cb) {","  this.collection.count(match, options, cb);","}","","/**"," * distinct(prop, match, options, function(err, count))"," */","","NodeCollection.prototype.distinct  = function (prop, match, options, cb) {","  this.collection.distinct(prop, match, options, cb);","}","","/**"," * update(match, update, options, function(err[, result]))"," */","","NodeCollection.prototype.update = function (match, update, options, cb) {","  this.collection.update(match, update, options, cb);","}","","/**"," * update(match, update, options, function(err[, result]))"," */","","NodeCollection.prototype.updateMany = function (match, update, options, cb) {","  this.collection.updateMany(match, update, options, cb);","}","","/**"," * update(match, update, options, function(err[, result]))"," */","","NodeCollection.prototype.updateOne = function (match, update, options, cb) {","  this.collection.updateOne(match, update, options, cb);","}","","/**"," * replaceOne(match, update, options, function(err[, result]))"," */","","NodeCollection.prototype.replaceOne = function (match, update, options, cb) {","  this.collection.replaceOne(match, update, options, cb);","}","","/**"," * deleteOne(match, options, function(err[, result])"," */","","NodeCollection.prototype.deleteOne = function (match, options, cb) {","  this.collection.deleteOne(match, options, cb);","}","","/**"," * deleteMany(match, options, function(err[, result])"," */","","NodeCollection.prototype.deleteMany = function (match, options, cb) {","  this.collection.deleteMany(match, options, cb);","}","","/**"," * remove(match, options, function(err[, result])"," */","","NodeCollection.prototype.remove = function (match, options, cb) {","  this.collection.remove(match, options, cb);","}","","/**"," * findAndModify(match, update, options, function(err, doc))"," */","","NodeCollection.prototype.findAndModify = function (match, update, options, cb) {","  var sort = Array.isArray(options.sort) ? options.sort : [];","  this.collection.findAndModify(match, sort, update, options, cb);","}","","/**"," * var stream = findStream(match, findOptions, streamOptions)"," */","","NodeCollection.prototype.findStream = function(match, findOptions, streamOptions) {","  return this.collection.find(match, findOptions);","}","","/**"," * var cursor = findCursor(match, findOptions)"," */","","NodeCollection.prototype.findCursor = function(match, findOptions) {","  return this.collection.find(match, findOptions);","}","","/**"," * aggregation(operators..., function(err, doc))"," * TODO"," */","","/**"," * Expose"," */","","module.exports = exports = NodeCollection;",""],"l":{"7":1,"8":1,"10":1,"11":0,"12":0,"19":1,"25":1,"26":0,"27":0,"29":0,"37":1,"38":0,"45":1,"46":0,"53":1,"54":0,"61":1,"62":0,"69":1,"70":0,"77":1,"78":0,"85":1,"86":0,"93":1,"94":0,"101":1,"102":0,"109":1,"110":0,"117":1,"118":0,"119":0,"126":1,"127":0,"134":1,"135":0,"147":1}},"/home/travis/build/npmtest/node-npmtest-mquery/node_modules/mquery/lib/collection/collection.js":{"path":"/home/travis/build/npmtest/node-npmtest-mquery/node_modules/mquery/lib/collection/collection.js","s":{"1":1,"2":1,"3":1,"4":15,"5":15,"6":1,"7":1,"8":1,"9":15,"10":0},"b":{},"f":{"1":0,"2":15,"3":0},"fnMap":{"1":{"name":"Collection","line":28,"loc":{"start":{"line":28,"column":0},"end":{"line":28,"column":23}}},"2":{"name":"notImplemented","line":42,"loc":{"start":{"line":42,"column":0},"end":{"line":42,"column":33}}},"3":{"name":"(anonymous_3)","line":43,"loc":{"start":{"line":43,"column":9},"end":{"line":43,"column":21}}}},"statementMap":{"1":{"start":{"line":7,"column":0},"end":{"line":22,"column":2}},"2":{"start":{"line":28,"column":0},"end":{"line":28,"column":25}},"3":{"start":{"line":30,"column":0},"end":{"line":33,"column":1}},"4":{"start":{"line":31,"column":2},"end":{"line":31,"column":26}},"5":{"start":{"line":32,"column":2},"end":{"line":32,"column":56}},"6":{"start":{"line":35,"column":0},"end":{"line":35,"column":38}},"7":{"start":{"line":36,"column":0},"end":{"line":36,"column":29}},"8":{"start":{"line":42,"column":0},"end":{"line":46,"column":1}},"9":{"start":{"line":43,"column":2},"end":{"line":45,"column":3}},"10":{"start":{"line":44,"column":4},"end":{"line":44,"column":65}}},"branchMap":{},"code":["'use strict';","","/**"," * methods a collection must implement"," */","","var methods = [","    'find'","  , 'findOne'","  , 'update'","  , 'updateMany',","  , 'updateOne'","  , 'replaceOne'","  , 'remove'","  , 'count'","  , 'distinct'","  , 'findAndModify'","  , 'aggregate'","  , 'findStream'","  , 'deleteOne'","  , 'deleteMany'","];","","/**"," * Collection base class from which implementations inherit"," */","","function Collection () {}","","for (var i = 0, len = methods.length; i < len; ++i) {","  var method = methods[i];","  Collection.prototype[method] = notImplemented(method);","}","","module.exports = exports = Collection;","Collection.methods = methods;","","/**"," * creates a function which throws an implementation error"," */","","function notImplemented (method) {","  return function () {","    throw new Error('collection.' + method + ' not implemented');","  }","}",""],"l":{"7":1,"28":1,"30":1,"31":15,"32":15,"35":1,"36":1,"42":1,"43":15,"44":0}}}